2025-02-06 13:46:25%f - __main__ - INFO - Starting subdomain scanner for target: https://www.deere.com
2025-02-06 13:46:25%f - subdomain_scanner.scanner.<built-in function id> - INFO - Initialized SubdomainScanner for target: https://www.deere.com
2025-02-06 13:46:25%f - subdomain_scanner.scanner.<built-in function id> - INFO - Starting scan for target: https://www.deere.com
2025-02-06 13:46:25%f - subdomain_scanner.finder.<built-in function id> - INFO - Initialized SubdomainFinder for target: deere.com with rate limit: 5
2025-02-06 13:46:25%f - subdomain_scanner.finder.<built-in function id> - INFO - Starting subdomain discovery for: deere.com
2025-02-06 13:46:25%f - subfinder.cee736d6-d5e1-4501-8268-8c772eec120d - INFO - Starting subfinder scan for: deere.com
2025-02-06 13:47:00%f - subfinder.cee736d6-d5e1-4501-8268-8c772eec120d - INFO - Successfully discovered 2199 subdomains
2025-02-06 13:47:00%f - subdomain_scanner.finder.<built-in function id> - INFO - Subfinder discovered 2199 potential subdomains
2025-02-06 13:47:00%f - subdomain_scanner.finder.<built-in function id> - INFO - Found new subdomain: pricebook.deere.com from source: PASSIVE
2025-02-06 13:47:00%f - subdomain_scanner.finder.<built-in function id> - ERROR - Error checking takeover for pricebook.deere.com: The DNS response does not contain an answer to the question: pricebook.deere.com. IN CNAME
2025-02-06 13:47:00%f - subdomain_scanner.finder.<built-in function id> - INFO - Found new subdomain: share-restricted.deere.com from source: PASSIVE
2025-02-06 13:47:00%f - subdomain_scanner.finder.<built-in function id> - ERROR - Error checking takeover for share-restricted.deere.com: The DNS response does not contain an answer to the question: share-restricted.deere.com. IN CNAME
2025-02-06 13:47:00%f - subdomain_scanner.finder.<built-in function id> - INFO - Found new subdomain: search.cert.deere.com from source: PASSIVE
2025-02-06 13:47:00%f - subdomain_scanner.finder.<built-in function id> - ERROR - Error checking takeover for search.cert.deere.com: The DNS response does not contain an answer to the question: search.cert.deere.com. IN CNAME
2025-02-06 13:47:01%f - subdomain_scanner.finder.<built-in function id> - INFO - Found new subdomain: search.lab.deere.com from source: PASSIVE
2025-02-06 13:47:01%f - subdomain_scanner.finder.<built-in function id> - ERROR - Error checking takeover for search.lab.deere.com: The DNS response does not contain an answer to the question: search.lab.deere.com. IN CNAME
2025-02-06 13:47:11%f - subdomain_scanner.finder.<built-in function id> - ERROR - Unexpected error during HTTP probe of search.lab.deere.com: 
2025-02-06 13:47:11%f - subdomain_scanner.finder.<built-in function id> - INFO - Found new subdomain: vpnpilotlab.deere.com from source: PASSIVE
2025-02-06 13:47:11%f - subdomain_scanner.finder.<built-in function id> - ERROR - Error checking takeover for vpnpilotlab.deere.com: The DNS response does not contain an answer to the question: vpnpilotlab.deere.com. IN CNAME
2025-02-06 13:47:22%f - subdomain_scanner.finder.<built-in function id> - ERROR - Unexpected error during HTTP probe of vpnpilotlab.deere.com: 
2025-02-06 13:47:22%f - subdomain_scanner.finder.<built-in function id> - INFO - Found new subdomain: jdcservices.deere.com from source: PASSIVE
2025-02-06 13:47:22%f - subdomain_scanner.finder.<built-in function id> - ERROR - Error checking takeover for jdcservices.deere.com: The DNS response does not contain an answer to the question: jdcservices.deere.com. IN CNAME
2025-02-06 13:47:22%f - subdomain_scanner.finder.<built-in function id> - INFO - Found new subdomain: hrconnect.deere.com from source: PASSIVE
2025-02-06 13:47:22%f - subdomain_scanner.finder.<built-in function id> - ERROR - Error checking takeover for hrconnect.deere.com: The DNS response does not contain an answer to the question: hrconnect.deere.com. IN CNAME
2025-02-06 13:47:22%f - subdomain_scanner.finder.<built-in function id> - INFO - Found new subdomain: dbp.deere.com from source: PASSIVE
2025-02-06 13:47:22%f - subdomain_scanner.finder.<built-in function id> - ERROR - Error checking takeover for dbp.deere.com: The DNS response does not contain an answer to the question: dbp.deere.com. IN CNAME
2025-02-06 13:47:33%f - subdomain_scanner.finder.<built-in function id> - ERROR - Unexpected error during HTTP probe of dbp.deere.com: 
2025-02-06 13:47:33%f - subdomain_scanner.finder.<built-in function id> - INFO - Found new subdomain: admin-conecta.deere.com from source: PASSIVE
2025-02-06 13:47:33%f - subdomain_scanner.finder.<built-in function id> - ERROR - Error checking takeover for admin-conecta.deere.com: The DNS response does not contain an answer to the question: admin-conecta.deere.com. IN CNAME
2025-02-06 13:47:44%f - subdomain_scanner.finder.<built-in function id> - ERROR - Unexpected error during HTTP probe of admin-conecta.deere.com: 
2025-02-06 13:47:44%f - subdomain_scanner.finder.<built-in function id> - INFO - Found new subdomain: gb-preview.deere.com from source: PASSIVE
2025-02-06 13:47:44%f - subdomain_scanner.finder.<built-in function id> - INFO - Found new subdomain: devqabeta.deere.com from source: PASSIVE
2025-02-06 13:47:45%f - subdomain_scanner.finder.<built-in function id> - INFO - Found new subdomain: pathwaysv.dpn.deere.com from source: PASSIVE
2025-02-06 13:47:45%f - subdomain_scanner.finder.<built-in function id> - ERROR - Error checking takeover for pathwaysv.dpn.deere.com: The DNS response does not contain an answer to the question: pathwaysv.dpn.deere.com. IN CNAME
2025-02-06 13:47:45%f - subdomain_scanner.finder.<built-in function id> - INFO - Found new subdomain: tal.deere.com from source: PASSIVE
2025-02-06 13:47:45%f - subdomain_scanner.finder.<built-in function id> - ERROR - Error checking takeover for tal.deere.com: The DNS response does not contain an answer to the question: tal.deere.com. IN CNAME
2025-02-06 13:47:45%f - subdomain_scanner.finder.<built-in function id> - INFO - Found new subdomain: dtacv.dpn.deere.com from source: PASSIVE
2025-02-06 13:47:45%f - subdomain_scanner.finder.<built-in function id> - ERROR - Error checking takeover for dtacv.dpn.deere.com: The DNS response does not contain an answer to the question: dtacv.dpn.deere.com. IN CNAME
2025-02-06 13:47:56%f - subdomain_scanner.finder.<built-in function id> - ERROR - Unexpected error during HTTP probe of dtacv.dpn.deere.com: 
2025-02-06 13:47:56%f - subdomain_scanner.finder.<built-in function id> - INFO - Found new subdomain: licensemanager.deere.com from source: PASSIVE
2025-02-06 13:47:56%f - subdomain_scanner.finder.<built-in function id> - INFO - Found new subdomain: ci-cert.cert.virtd.deere.com from source: PASSIVE
2025-02-06 13:47:57%f - subdomain_scanner.finder.<built-in function id> - INFO - Found new subdomain: housecarl.deere.com from source: PASSIVE
2025-02-06 13:47:57%f - subdomain_scanner.finder.<built-in function id> - ERROR - Error checking takeover for housecarl.deere.com: The DNS response does not contain an answer to the question: housecarl.deere.com. IN CNAME
2025-02-06 13:47:57%f - subdomain_scanner.finder.<built-in function id> - INFO - Found new subdomain: ldma34webap1.dpn.r2.deere.com from source: PASSIVE
2025-02-06 13:47:57%f - subdomain_scanner.finder.<built-in function id> - INFO - Found new subdomain: worksightplaybook.deere.com from source: PASSIVE
2025-02-06 13:47:57%f - subdomain_scanner.finder.<built-in function id> - ERROR - Error checking takeover for worksightplaybook.deere.com: The DNS response does not contain an answer to the question: worksightplaybook.deere.com. IN CNAME
2025-02-06 13:48:07%f - __main__ - INFO - Starting subdomain scanner for target: https://www.deere.com
2025-02-06 13:48:07%f - subdomain_scanner.scanner.<built-in function id> - INFO - Initialized SubdomainScanner for target: https://www.deere.com
2025-02-06 13:48:07%f - subdomain_scanner.scanner.<built-in function id> - INFO - Starting scan for target: https://www.deere.com
2025-02-06 13:48:07%f - subdomain_scanner.finder.<built-in function id> - INFO - Initialized SubdomainFinder for target: deere.com with rate limit: 5
2025-02-06 13:48:07%f - subdomain_scanner.finder.<built-in function id> - INFO - Starting subdomain discovery for: deere.com
2025-02-06 13:48:07%f - subfinder.951da33a-c39f-42ae-965e-d1fad3b53b1b - INFO - Starting subfinder scan for: deere.com
2025-02-06 13:48:31%f - subfinder.951da33a-c39f-42ae-965e-d1fad3b53b1b - INFO - Successfully discovered 2199 subdomains
2025-02-06 13:48:31%f - subdomain_scanner.finder.<built-in function id> - INFO - Subfinder discovered 2199 potential subdomains
2025-02-06 13:48:31%f - subdomain_scanner.finder.<built-in function id> - INFO - Found new subdomain: fdpniss2c.dpn.deere.com from source: PASSIVE
2025-02-06 13:48:31%f - subdomain_scanner.finder.<built-in function id> - ERROR - Error checking takeover for fdpniss2c.dpn.deere.com: The DNS response does not contain an answer to the question: fdpniss2c.dpn.deere.com. IN CNAME
2025-02-06 13:48:41%f - subdomain_scanner.finder.<built-in function id> - ERROR - Unexpected error during HTTP probe of fdpniss2c.dpn.deere.com: 
2025-02-06 13:48:41%f - subdomain_scanner.finder.<built-in function id> - INFO - Found new subdomain: devlapp247.tal.deere.com from source: PASSIVE
2025-02-06 13:48:41%f - subdomain_scanner.finder.<built-in function id> - ERROR - Error checking takeover for devlapp247.tal.deere.com: The DNS response does not contain an answer to the question: devlapp247.tal.deere.com. IN CNAME
2025-02-06 13:48:41%f - subdomain_scanner.finder.<built-in function id> - INFO - Found new subdomain: myjohndeere19v.tal.deere.com from source: PASSIVE
2025-02-06 13:48:41%f - subdomain_scanner.finder.<built-in function id> - ERROR - Error checking takeover for myjohndeere19v.tal.deere.com: The DNS response does not contain an answer to the question: myjohndeere19v.tal.deere.com. IN CNAME
2025-02-06 13:48:41%f - subdomain_scanner.finder.<built-in function id> - INFO - Found new subdomain: lubricant-solutions.deere.com from source: PASSIVE
2025-02-06 13:48:41%f - subdomain_scanner.finder.<built-in function id> - ERROR - Error checking takeover for lubricant-solutions.deere.com: The DNS response does not contain an answer to the question: lubricant-solutions.deere.com. IN CNAME
2025-02-06 13:48:52%f - subdomain_scanner.finder.<built-in function id> - ERROR - Unexpected error during HTTP probe of lubricant-solutions.deere.com: 
2025-02-06 13:48:52%f - subdomain_scanner.finder.<built-in function id> - INFO - Found new subdomain: pricednld.deere.com from source: PASSIVE
2025-02-06 13:48:52%f - subdomain_scanner.finder.<built-in function id> - INFO - Found new subdomain: eicsdk.deere.com from source: PASSIVE
2025-02-06 13:48:52%f - subdomain_scanner.finder.<built-in function id> - ERROR - Error checking takeover for eicsdk.deere.com: The DNS response does not contain an answer to the question: eicsdk.deere.com. IN CNAME
2025-02-06 13:48:52%f - subdomain_scanner.finder.<built-in function id> - INFO - Found new subdomain: nl.battle.deere.com from source: PASSIVE
2025-02-06 13:48:52%f - subdomain_scanner.finder.<built-in function id> - ERROR - Error checking takeover for nl.battle.deere.com: The DNS response does not contain an answer to the question: nl.battle.deere.com. IN CNAME
2025-02-06 13:48:53%f - subdomain_scanner.finder.<built-in function id> - INFO - Found new subdomain: prodmigrate203v.dpn.deere.com from source: PASSIVE
2025-02-06 13:48:53%f - subdomain_scanner.finder.<built-in function id> - ERROR - Error checking takeover for prodmigrate203v.dpn.deere.com: The DNS response does not contain an answer to the question: prodmigrate203v.dpn.deere.com. IN CNAME
2025-02-06 13:49:03%f - subdomain_scanner.finder.<built-in function id> - ERROR - Unexpected error during HTTP probe of prodmigrate203v.dpn.deere.com: 
2025-02-06 13:49:03%f - subdomain_scanner.finder.<built-in function id> - INFO - Found new subdomain: webprod3v.dpn.deere.com from source: PASSIVE
2025-02-06 13:49:03%f - subdomain_scanner.finder.<built-in function id> - ERROR - Error checking takeover for webprod3v.dpn.deere.com: The DNS response does not contain an answer to the question: webprod3v.dpn.deere.com. IN CNAME
2025-02-06 13:49:14%f - subdomain_scanner.finder.<built-in function id> - ERROR - Unexpected error during HTTP probe of webprod3v.dpn.deere.com: 
2025-02-06 13:49:14%f - subdomain_scanner.finder.<built-in function id> - INFO - Found new subdomain: devlapp156.tal.deere.com from source: PASSIVE
2025-02-06 13:49:14%f - subdomain_scanner.finder.<built-in function id> - ERROR - Error checking takeover for devlapp156.tal.deere.com: The DNS response does not contain an answer to the question: devlapp156.tal.deere.com. IN CNAME
2025-02-06 13:49:25%f - subdomain_scanner.finder.<built-in function id> - ERROR - Unexpected error during HTTP probe of devlapp156.tal.deere.com: 
2025-02-06 13:49:25%f - subdomain_scanner.finder.<built-in function id> - INFO - Found new subdomain: ebneum1.jdnet.deere.com from source: PASSIVE
2025-02-06 13:49:25%f - subdomain_scanner.finder.<built-in function id> - INFO - Found new subdomain: www.starfire.deere.com from source: PASSIVE
2025-02-06 13:49:25%f - subdomain_scanner.finder.<built-in function id> - INFO - Found new subdomain: incentives.tal.deere.com from source: PASSIVE
2025-02-06 13:49:25%f - subdomain_scanner.finder.<built-in function id> - ERROR - Error checking takeover for incentives.tal.deere.com: The DNS response does not contain an answer to the question: incentives.tal.deere.com. IN CNAME
2025-02-06 13:49:25%f - subdomain_scanner.finder.<built-in function id> - INFO - Found new subdomain: team-section-control.virtd.deere.com from source: PASSIVE
2025-02-06 13:49:26%f - subdomain_scanner.finder.<built-in function id> - INFO - Found new subdomain: adexpress.deere.com from source: PASSIVE
2025-02-06 13:49:26%f - subdomain_scanner.finder.<built-in function id> - ERROR - Error checking takeover for adexpress.deere.com: The DNS response does not contain an answer to the question: adexpress.deere.com. IN CNAME
2025-02-06 13:49:36%f - subdomain_scanner.finder.<built-in function id> - ERROR - Unexpected error during HTTP probe of adexpress.deere.com: 
2025-02-06 13:49:36%f - subdomain_scanner.finder.<built-in function id> - INFO - Found new subdomain: wasprod1y.dpn.deere.com from source: PASSIVE
2025-02-06 13:49:36%f - subdomain_scanner.finder.<built-in function id> - ERROR - Error checking takeover for wasprod1y.dpn.deere.com: The DNS response does not contain an answer to the question: wasprod1y.dpn.deere.com. IN CNAME
2025-02-06 13:49:47%f - subdomain_scanner.finder.<built-in function id> - ERROR - Unexpected error during HTTP probe of wasprod1y.dpn.deere.com: 
2025-02-06 13:49:47%f - subdomain_scanner.finder.<built-in function id> - INFO - Found new subdomain: fdxx90app245.jdnet.deere.com from source: PASSIVE
2025-02-06 13:49:47%f - subdomain_scanner.finder.<built-in function id> - INFO - Found new subdomain: logs.cert.virtd.deere.com from source: PASSIVE
2025-02-06 13:49:47%f - subdomain_scanner.finder.<built-in function id> - INFO - Found new subdomain: fdxx90app221.jdnet.deere.com from source: PASSIVE
2025-02-06 13:49:52%f - subdomain_scanner.finder.<built-in function id> - INFO - Found new subdomain: pcs.deere.com from source: PASSIVE
2025-02-06 13:49:53%f - subdomain_scanner.finder.<built-in function id> - ERROR - Error checking takeover for pcs.deere.com: The DNS response does not contain an answer to the question: pcs.deere.com. IN CNAME
2025-02-06 13:49:53%f - subdomain_scanner.finder.<built-in function id> - INFO - Found new subdomain: xdpoc.deere.com from source: PASSIVE
2025-02-06 13:50:03%f - subdomain_scanner.finder.<built-in function id> - ERROR - Unexpected error during HTTP probe of xdpoc.deere.com: 
2025-02-06 13:50:08%f - subdomain_scanner.finder.<built-in function id> - INFO - Found new subdomain: ci-hiltest.isg.deere.com from source: PASSIVE
2025-02-06 13:50:08%f - subdomain_scanner.finder.<built-in function id> - INFO - Found new subdomain: mail23.jdnet.deere.com from source: PASSIVE
2025-02-06 13:50:08%f - subdomain_scanner.finder.<built-in function id> - INFO - Found new subdomain: auvpn-s.deere.com from source: PASSIVE
2025-02-06 13:50:08%f - subdomain_scanner.finder.<built-in function id> - WARNING - Potential takeover: auvpn-s.deere.com -> auvpn-s.johndeereandco.com.
2025-02-06 13:50:08%f - subdomain_scanner.finder.<built-in function id> - INFO - Found new subdomain: achieve1v.dpn.deere.com from source: PASSIVE
2025-02-06 13:50:08%f - subdomain_scanner.finder.<built-in function id> - ERROR - Error checking takeover for achieve1v.dpn.deere.com: The DNS response does not contain an answer to the question: achieve1v.dpn.deere.com. IN CNAME
2025-02-06 13:50:19%f - subdomain_scanner.finder.<built-in function id> - ERROR - Unexpected error during HTTP probe of achieve1v.dpn.deere.com: 
2025-02-06 13:50:19%f - subdomain_scanner.finder.<built-in function id> - INFO - Found new subdomain: fdpnwebprod1c.dpn.deere.com from source: PASSIVE
2025-02-06 13:50:19%f - subdomain_scanner.finder.<built-in function id> - ERROR - Error checking takeover for fdpnwebprod1c.dpn.deere.com: The DNS response does not contain an answer to the question: fdpnwebprod1c.dpn.deere.com. IN CNAME
2025-02-06 13:50:30%f - subdomain_scanner.finder.<built-in function id> - ERROR - Unexpected error during HTTP probe of fdpnwebprod1c.dpn.deere.com: 
2025-02-06 13:50:30%f - subdomain_scanner.finder.<built-in function id> - INFO - Found new subdomain: jddirectoryv.dpn.deere.com from source: PASSIVE
2025-02-06 13:50:30%f - subdomain_scanner.finder.<built-in function id> - ERROR - Error checking takeover for jddirectoryv.dpn.deere.com: The DNS response does not contain an answer to the question: jddirectoryv.dpn.deere.com. IN CNAME
2025-02-06 13:50:36%f - subdomain_scanner.finder.<built-in function id> - INFO - Found new subdomain: proxy2d.dpn.deere.com from source: PASSIVE
2025-02-06 13:50:36%f - subdomain_scanner.finder.<built-in function id> - ERROR - Error checking takeover for proxy2d.dpn.deere.com: The DNS response does not contain an answer to the question: proxy2d.dpn.deere.com. IN CNAME
2025-02-06 13:50:47%f - subdomain_scanner.finder.<built-in function id> - ERROR - Unexpected error during HTTP probe of proxy2d.dpn.deere.com: 
2025-02-06 13:50:47%f - subdomain_scanner.finder.<built-in function id> - INFO - Found new subdomain: zdxidsdc02.dx.deere.com from source: PASSIVE
2025-02-06 13:50:47%f - subdomain_scanner.finder.<built-in function id> - ERROR - Error checking takeover for zdxidsdc02.dx.deere.com: The DNS response does not contain an answer to the question: zdxidsdc02.dx.deere.com. IN CNAME
2025-02-06 13:50:47%f - subdomain_scanner.finder.<built-in function id> - INFO - Found new subdomain: githubext.deere.com from source: PASSIVE
2025-02-06 13:50:47%f - subdomain_scanner.finder.<built-in function id> - ERROR - Error checking takeover for githubext.deere.com: The DNS response does not contain an answer to the question: githubext.deere.com. IN CNAME
2025-02-06 13:50:58%f - subdomain_scanner.finder.<built-in function id> - ERROR - Unexpected error during HTTP probe of githubext.deere.com: 
2025-02-06 13:50:58%f - subdomain_scanner.finder.<built-in function id> - INFO - Found new subdomain: ppa.deere.com from source: PASSIVE
2025-02-06 13:50:58%f - subdomain_scanner.finder.<built-in function id> - WARNING - Potential takeover: ppa.deere.com -> ppa.prod.us.e01.c01.johndeerecloud.com.
2025-02-06 13:50:58%f - subdomain_scanner.finder.<built-in function id> - INFO - Found new subdomain: jdproposal.deere.com from source: PASSIVE
2025-02-06 13:51:04%f - subdomain_scanner.finder.<built-in function id> - INFO - Found new subdomain: devlapp313.tal.deere.com from source: PASSIVE
2025-02-06 13:51:05%f - subdomain_scanner.finder.<built-in function id> - ERROR - Error checking takeover for devlapp313.tal.deere.com: The DNS response does not contain an answer to the question: devlapp313.tal.deere.com. IN CNAME
2025-02-06 13:51:15%f - subdomain_scanner.finder.<built-in function id> - ERROR - Unexpected error during HTTP probe of devlapp313.tal.deere.com: 
2025-02-06 13:51:15%f - subdomain_scanner.finder.<built-in function id> - INFO - Found new subdomain: ewsqual.tal.deere.com from source: PASSIVE
2025-02-06 13:51:15%f - subdomain_scanner.finder.<built-in function id> - INFO - Found new subdomain: mobilesdk.deere.com from source: PASSIVE
2025-02-06 13:51:15%f - subdomain_scanner.finder.<built-in function id> - ERROR - Error checking takeover for mobilesdk.deere.com: The DNS response does not contain an answer to the question: mobilesdk.deere.com. IN CNAME
2025-02-06 13:51:15%f - subdomain_scanner.finder.<built-in function id> - INFO - Found new subdomain: nprd-exco.deere.com from source: PASSIVE
2025-02-06 13:51:16%f - subdomain_scanner.finder.<built-in function id> - ERROR - Error checking takeover for nprd-exco.deere.com: The DNS response does not contain an answer to the question: nprd-exco.deere.com. IN CNAME
2025-02-06 13:51:16%f - subdomain_scanner.finder.<built-in function id> - INFO - Found new subdomain: gitkraken.cert.virtd.deere.com from source: PASSIVE
2025-02-06 13:51:16%f - subdomain_scanner.finder.<built-in function id> - INFO - Found new subdomain: edxum5.jdnet.deere.com from source: PASSIVE
2025-02-06 13:51:16%f - subdomain_scanner.finder.<built-in function id> - INFO - Found new subdomain: open.dpn.deere.com from source: PASSIVE
2025-02-06 13:51:16%f - subdomain_scanner.finder.<built-in function id> - ERROR - Error checking takeover for open.dpn.deere.com: The DNS response does not contain an answer to the question: open.dpn.deere.com. IN CNAME
2025-02-06 13:51:26%f - subdomain_scanner.finder.<built-in function id> - ERROR - Unexpected error during HTTP probe of open.dpn.deere.com: 
2025-02-06 13:51:26%f - subdomain_scanner.finder.<built-in function id> - INFO - Found new subdomain: sharepointredirect.deere.com from source: PASSIVE
2025-02-06 13:51:26%f - subdomain_scanner.finder.<built-in function id> - ERROR - Error checking takeover for sharepointredirect.deere.com: The DNS response does not contain an answer to the question: sharepointredirect.deere.com. IN CNAME
2025-02-06 13:51:26%f - subdomain_scanner.finder.<built-in function id> - INFO - Found new subdomain: sabretractorsv.dpn.deere.com from source: PASSIVE
2025-02-06 13:51:26%f - subdomain_scanner.finder.<built-in function id> - ERROR - Error checking takeover for sabretractorsv.dpn.deere.com: The DNS response does not contain an answer to the question: sabretractorsv.dpn.deere.com. IN CNAME
2025-02-06 13:51:37%f - subdomain_scanner.finder.<built-in function id> - ERROR - Unexpected error during HTTP probe of sabretractorsv.dpn.deere.com: 
2025-02-06 13:51:37%f - subdomain_scanner.finder.<built-in function id> - INFO - Found new subdomain: ldxx90depot2.dx.deere.com from source: PASSIVE
2025-02-06 13:51:37%f - subdomain_scanner.finder.<built-in function id> - ERROR - Error checking takeover for ldxx90depot2.dx.deere.com: The DNS response does not contain an answer to the question: ldxx90depot2.dx.deere.com. IN CNAME
2025-02-06 13:51:48%f - subdomain_scanner.finder.<built-in function id> - ERROR - Unexpected error during HTTP probe of ldxx90depot2.dx.deere.com: 
2025-02-06 13:51:48%f - subdomain_scanner.finder.<built-in function id> - INFO - Found new subdomain: adds2.tal.deere.com from source: PASSIVE
2025-02-06 13:51:48%f - subdomain_scanner.finder.<built-in function id> - ERROR - Error checking takeover for adds2.tal.deere.com: The DNS response does not contain an answer to the question: adds2.tal.deere.com. IN CNAME
2025-02-06 13:51:59%f - subdomain_scanner.finder.<built-in function id> - ERROR - Unexpected error during HTTP probe of adds2.tal.deere.com: 
2025-02-06 13:51:59%f - subdomain_scanner.finder.<built-in function id> - INFO - Found new subdomain: mociqual.tal.deere.com from source: PASSIVE
2025-02-06 13:51:59%f - subdomain_scanner.finder.<built-in function id> - ERROR - Error checking takeover for mociqual.tal.deere.com: The DNS response does not contain an answer to the question: mociqual.tal.deere.com. IN CNAME
2025-02-06 13:51:59%f - subdomain_scanner.finder.<built-in function id> - INFO - Found new subdomain: insightuat.deere.com from source: PASSIVE
2025-02-06 13:51:59%f - subdomain_scanner.finder.<built-in function id> - ERROR - Error checking takeover for insightuat.deere.com: The DNS response does not contain an answer to the question: insightuat.deere.com. IN CNAME
2025-02-06 13:52:10%f - subdomain_scanner.finder.<built-in function id> - ERROR - Unexpected error during HTTP probe of insightuat.deere.com: 
2025-02-06 13:52:10%f - subdomain_scanner.finder.<built-in function id> - INFO - Found new subdomain: jdcrop.deere.com from source: PASSIVE
2025-02-06 13:52:10%f - subdomain_scanner.finder.<built-in function id> - INFO - Found new subdomain: awemail.test.deere.com from source: PASSIVE
2025-02-06 13:52:10%f - subdomain_scanner.finder.<built-in function id> - ERROR - Error checking takeover for awemail.test.deere.com: The DNS response does not contain an answer to the question: awemail.test.deere.com. IN CNAME
2025-02-06 13:52:10%f - subdomain_scanner.finder.<built-in function id> - INFO - Found new subdomain: jdicsalesdev.tal.deere.com from source: PASSIVE
2025-02-06 13:52:21%f - subdomain_scanner.finder.<built-in function id> - ERROR - Unexpected error during HTTP probe of jdicsalesdev.tal.deere.com: 
2025-02-06 13:52:21%f - subdomain_scanner.finder.<built-in function id> - INFO - Found new subdomain: zdpnvcsexpress2.dpn.deere.com from source: PASSIVE
2025-02-06 13:52:21%f - subdomain_scanner.finder.<built-in function id> - ERROR - Error checking takeover for zdpnvcsexpress2.dpn.deere.com: The DNS response does not contain an answer to the question: zdpnvcsexpress2.dpn.deere.com. IN CNAME
2025-02-06 13:52:21%f - subdomain_scanner.finder.<built-in function id> - INFO - Found new subdomain: cnm-dataservice-sbx.deere.com from source: PASSIVE
2025-02-06 13:52:21%f - subdomain_scanner.finder.<built-in function id> - ERROR - Error checking takeover for cnm-dataservice-sbx.deere.com: The DNS response does not contain an answer to the question: cnm-dataservice-sbx.deere.com. IN CNAME
2025-02-06 13:52:21%f - subdomain_scanner.finder.<built-in function id> - INFO - Found new subdomain: traktisupdate.deere.com from source: PASSIVE
2025-02-06 13:52:21%f - subdomain_scanner.finder.<built-in function id> - ERROR - Error checking takeover for traktisupdate.deere.com: The DNS response does not contain an answer to the question: traktisupdate.deere.com. IN CNAME
2025-02-06 13:52:32%f - subdomain_scanner.finder.<built-in function id> - ERROR - Unexpected error during HTTP probe of traktisupdate.deere.com: 
2025-02-06 13:52:32%f - subdomain_scanner.finder.<built-in function id> - INFO - Found new subdomain: jdsn-ecptcv.tal.deere.com from source: PASSIVE
2025-02-06 13:52:32%f - subdomain_scanner.finder.<built-in function id> - ERROR - Error checking takeover for jdsn-ecptcv.tal.deere.com: The DNS response does not contain an answer to the question: jdsn-ecptcv.tal.deere.com. IN CNAME
2025-02-06 13:52:32%f - subdomain_scanner.finder.<built-in function id> - INFO - Found new subdomain: be.battle.deere.com from source: PASSIVE
2025-02-06 13:52:32%f - subdomain_scanner.finder.<built-in function id> - ERROR - Error checking takeover for be.battle.deere.com: The DNS response does not contain an answer to the question: be.battle.deere.com. IN CNAME
2025-02-06 13:52:32%f - subdomain_scanner.finder.<built-in function id> - INFO - Found new subdomain: ci-hiltest.cert.virtd.deere.com from source: PASSIVE
2025-02-06 13:52:33%f - subdomain_scanner.finder.<built-in function id> - INFO - Found new subdomain: stratum-weather-api-cert.deere.com from source: PASSIVE
2025-02-06 13:52:33%f - subdomain_scanner.finder.<built-in function id> - ERROR - Error checking takeover for stratum-weather-api-cert.deere.com: The DNS response does not contain an answer to the question: stratum-weather-api-cert.deere.com. IN CNAME
2025-02-06 13:52:33%f - subdomain_scanner.finder.<built-in function id> - INFO - Found new subdomain: wcsstagev.dpn.deere.com from source: PASSIVE
2025-02-06 13:52:33%f - subdomain_scanner.finder.<built-in function id> - ERROR - Error checking takeover for wcsstagev.dpn.deere.com: The DNS response does not contain an answer to the question: wcsstagev.dpn.deere.com. IN CNAME
2025-02-06 13:52:43%f - subdomain_scanner.finder.<built-in function id> - ERROR - Unexpected error during HTTP probe of wcsstagev.dpn.deere.com: 
2025-02-06 13:52:43%f - subdomain_scanner.finder.<built-in function id> - INFO - Found new subdomain: cropsensedevmgmtcert.deere.com from source: PASSIVE
2025-02-06 13:52:43%f - subdomain_scanner.finder.<built-in function id> - ERROR - Error checking takeover for cropsensedevmgmtcert.deere.com: The DNS response does not contain an answer to the question: cropsensedevmgmtcert.deere.com. IN CNAME
2025-02-06 13:52:43%f - subdomain_scanner.finder.<built-in function id> - INFO - Found new subdomain: zdxlogger2.dx.deere.com from source: PASSIVE
2025-02-06 13:52:43%f - subdomain_scanner.finder.<built-in function id> - ERROR - Error checking takeover for zdxlogger2.dx.deere.com: The DNS response does not contain an answer to the question: zdxlogger2.dx.deere.com. IN CNAME
2025-02-06 13:52:43%f - subdomain_scanner.finder.<built-in function id> - INFO - Found new subdomain: devadmin.deere.com from source: PASSIVE
2025-02-06 13:52:43%f - subdomain_scanner.finder.<built-in function id> - ERROR - Error checking takeover for devadmin.deere.com: The DNS response does not contain an answer to the question: devadmin.deere.com. IN CNAME
2025-02-06 13:52:43%f - subdomain_scanner.finder.<built-in function id> - INFO - Found new subdomain: expertapp.deere.com from source: PASSIVE
2025-02-06 13:52:44%f - subdomain_scanner.finder.<built-in function id> - INFO - Found new subdomain: agwcqa1.deere.com from source: PASSIVE
2025-02-06 13:52:44%f - subdomain_scanner.finder.<built-in function id> - ERROR - Error checking takeover for agwcqa1.deere.com: The DNS response does not contain an answer to the question: agwcqa1.deere.com. IN CNAME
2025-02-06 13:52:44%f - subdomain_scanner.finder.<built-in function id> - INFO - Found new subdomain: jdsnws-migrate.deere.com from source: PASSIVE
2025-02-06 13:52:44%f - subdomain_scanner.finder.<built-in function id> - ERROR - Error checking takeover for jdsnws-migrate.deere.com: The DNS response does not contain an answer to the question: jdsnws-migrate.deere.com. IN CNAME
2025-02-06 13:52:44%f - subdomain_scanner.finder.<built-in function id> - INFO - Found new subdomain: jdcreportsv.dpn.deere.com from source: PASSIVE
2025-02-06 13:52:44%f - subdomain_scanner.finder.<built-in function id> - ERROR - Error checking takeover for jdcreportsv.dpn.deere.com: The DNS response does not contain an answer to the question: jdcreportsv.dpn.deere.com. IN CNAME
2025-02-06 13:52:54%f - subdomain_scanner.finder.<built-in function id> - ERROR - Unexpected error during HTTP probe of jdcreportsv.dpn.deere.com: 
2025-02-06 13:52:54%f - subdomain_scanner.finder.<built-in function id> - INFO - Found new subdomain: smppgtwyqa1v.dpn.deere.com from source: PASSIVE
2025-02-06 13:52:54%f - subdomain_scanner.finder.<built-in function id> - ERROR - Error checking takeover for smppgtwyqa1v.dpn.deere.com: The DNS response does not contain an answer to the question: smppgtwyqa1v.dpn.deere.com. IN CNAME
2025-02-06 14:02:42%f - utils.database - INFO - Database engine initialized with URL: sqlite:///subdomains.db
2025-02-06 14:02:42%f - __main__ - INFO - Starting subdomain scanner for target: https://www.deere.com
2025-02-06 14:02:42%f - subdomain_scanner.scanner.<built-in function id> - INFO - Initialized SubdomainScanner for target: https://www.deere.com
2025-02-06 14:02:42%f - subdomain_scanner.scanner.<built-in function id> - INFO - Starting scan for target: https://www.deere.com
2025-02-06 14:02:42%f - subdomain_scanner.finder.<built-in function id> - INFO - Initialized SubdomainFinder for target: deere.com with rate limit: 5
2025-02-06 14:02:42%f - subdomain_scanner.finder.<built-in function id> - INFO - Starting subdomain discovery for: deere.com
2025-02-06 14:02:42%f - subfinder.a03524ea-3cc8-43a3-80b1-aac1e6f9db6e - INFO - Starting subfinder scan for: deere.com
2025-02-06 14:05:07%f - subfinder.a03524ea-3cc8-43a3-80b1-aac1e6f9db6e - INFO - Successfully discovered 2199 subdomains
2025-02-06 14:05:07%f - subdomain_scanner.finder.<built-in function id> - INFO - Subfinder discovered 2199 potential subdomains
2025-02-06 14:05:07%f - subdomain_scanner.finder.<built-in function id> - INFO - Found new subdomain: jdfsalesmodel.tal.deere.com from source: PASSIVE
2025-02-06 14:05:18%f - subdomain_scanner.finder.<built-in function id> - ERROR - Unexpected error during HTTP probe of jdfsalesmodel.tal.deere.com: 
2025-02-06 14:05:18%f - subdomain_scanner.finder.<built-in function id> - INFO - Found new subdomain: learning.tal.deere.com from source: PASSIVE
2025-02-06 14:05:18%f - subdomain_scanner.finder.<built-in function id> - ERROR - Error checking takeover for learning.tal.deere.com: The DNS response does not contain an answer to the question: learning.tal.deere.com. IN CNAME
2025-02-06 14:05:29%f - subdomain_scanner.finder.<built-in function id> - ERROR - Unexpected error during HTTP probe of learning.tal.deere.com: 
2025-02-06 14:05:29%f - subdomain_scanner.finder.<built-in function id> - INFO - Found new subdomain: query-xml.tal.deere.com from source: PASSIVE
2025-02-06 14:05:29%f - subdomain_scanner.finder.<built-in function id> - ERROR - Error checking takeover for query-xml.tal.deere.com: The DNS response does not contain an answer to the question: query-xml.tal.deere.com. IN CNAME
2025-02-06 14:05:30%f - subdomain_scanner.finder.<built-in function id> - INFO - Found new subdomain: jdscribev.tal.deere.com from source: PASSIVE
2025-02-06 14:05:30%f - subdomain_scanner.finder.<built-in function id> - ERROR - Error checking takeover for jdscribev.tal.deere.com: The DNS response does not contain an answer to the question: jdscribev.tal.deere.com. IN CNAME
2025-02-06 14:05:30%f - subdomain_scanner.finder.<built-in function id> - INFO - Found new subdomain: cf1.ic.deere.com from source: PASSIVE
2025-02-06 14:05:30%f - subdomain_scanner.finder.<built-in function id> - INFO - Found new subdomain: ppa-cert.deere.com from source: PASSIVE
2025-02-06 14:05:30%f - subdomain_scanner.finder.<built-in function id> - WARNING - Potential takeover: ppa-cert.deere.com -> ppa.cert.us.e01.c01.johndeerecloud.com.
2025-02-06 14:05:30%f - subdomain_scanner.finder.<built-in function id> - INFO - Found new subdomain: insightuat.deere.com from source: PASSIVE
2025-02-06 14:05:30%f - subdomain_scanner.finder.<built-in function id> - ERROR - Error checking takeover for insightuat.deere.com: The DNS response does not contain an answer to the question: insightuat.deere.com. IN CNAME
2025-02-06 14:05:40%f - subdomain_scanner.finder.<built-in function id> - ERROR - Unexpected error during HTTP probe of insightuat.deere.com: 
2025-02-06 14:05:40%f - subdomain_scanner.finder.<built-in function id> - INFO - Found new subdomain: team-section-control.virtd.deere.com from source: PASSIVE
2025-02-06 14:05:40%f - subdomain_scanner.finder.<built-in function id> - INFO - Found new subdomain: zusipn-moliesf-pzen3-lb.deere.com from source: PASSIVE
2025-02-06 14:05:40%f - subdomain_scanner.finder.<built-in function id> - ERROR - Error checking takeover for zusipn-moliesf-pzen3-lb.deere.com: The DNS response does not contain an answer to the question: zusipn-moliesf-pzen3-lb.deere.com. IN CNAME
2025-02-06 14:05:51%f - subdomain_scanner.finder.<built-in function id> - ERROR - Unexpected error during HTTP probe of zusipn-moliesf-pzen3-lb.deere.com: 
2025-02-06 14:05:51%f - subdomain_scanner.finder.<built-in function id> - INFO - Found new subdomain: networkdirectorextqual2v.tal.deere.com from source: PASSIVE
2025-02-06 14:05:51%f - subdomain_scanner.finder.<built-in function id> - ERROR - Error checking takeover for networkdirectorextqual2v.tal.deere.com: The DNS response does not contain an answer to the question: networkdirectorextqual2v.tal.deere.com. IN CNAME
2025-02-06 14:05:51%f - subdomain_scanner.finder.<built-in function id> - INFO - Found new subdomain: cs-admin.exco-devl-australiaeast.alb.nprd-exco.deere.com from source: PASSIVE
2025-02-06 14:05:51%f - subdomain_scanner.finder.<built-in function id> - INFO - Found new subdomain: jdgatewaycag.deere.com from source: PASSIVE
2025-02-06 14:05:51%f - subdomain_scanner.finder.<built-in function id> - ERROR - Error checking takeover for jdgatewaycag.deere.com: The DNS response does not contain an answer to the question: jdgatewaycag.deere.com. IN CNAME
2025-02-06 14:05:52%f - subdomain_scanner.finder.<built-in function id> - INFO - Found new subdomain: jdcmerchant.deere.com from source: PASSIVE
2025-02-06 14:05:52%f - subdomain_scanner.finder.<built-in function id> - ERROR - Error checking takeover for jdcmerchant.deere.com: The DNS response does not contain an answer to the question: jdcmerchant.deere.com. IN CNAME
2025-02-06 14:05:52%f - subdomain_scanner.finder.<built-in function id> - INFO - Found new subdomain: networkdirectorextqualv-mig.tal.deere.com from source: PASSIVE
2025-02-06 14:05:52%f - subdomain_scanner.finder.<built-in function id> - ERROR - Error checking takeover for networkdirectorextqualv-mig.tal.deere.com: The DNS response does not contain an answer to the question: networkdirectorextqualv-mig.tal.deere.com. IN CNAME
2025-02-06 14:05:52%f - subdomain_scanner.finder.<built-in function id> - INFO - Found new subdomain: 19th-claritypool.jdnet.deere.com from source: PASSIVE
2025-02-06 14:05:52%f - subdomain_scanner.finder.<built-in function id> - INFO - Found new subdomain: zdpnvcsexpress1.dpn.deere.com from source: PASSIVE
2025-02-06 14:05:52%f - subdomain_scanner.finder.<built-in function id> - ERROR - Error checking takeover for zdpnvcsexpress1.dpn.deere.com: The DNS response does not contain an answer to the question: zdpnvcsexpress1.dpn.deere.com. IN CNAME
2025-02-06 14:06:03%f - subdomain_scanner.finder.<built-in function id> - ERROR - Unexpected error during HTTP probe of zdpnvcsexpress1.dpn.deere.com: 
2025-02-06 14:06:03%f - subdomain_scanner.finder.<built-in function id> - INFO - Found new subdomain: m.deere.com from source: PASSIVE
2025-02-06 14:06:03%f - subdomain_scanner.finder.<built-in function id> - INFO - Found new subdomain: prodmigrate302v.dpn.deere.com from source: PASSIVE
2025-02-06 14:06:03%f - subdomain_scanner.finder.<built-in function id> - ERROR - Error checking takeover for prodmigrate302v.dpn.deere.com: The DNS response does not contain an answer to the question: prodmigrate302v.dpn.deere.com. IN CNAME
2025-02-06 14:06:14%f - subdomain_scanner.finder.<built-in function id> - ERROR - Unexpected error during HTTP probe of prodmigrate302v.dpn.deere.com: 
2025-02-06 14:06:14%f - subdomain_scanner.finder.<built-in function id> - INFO - Found new subdomain: eodvs-prodmigrateesf.deere.com from source: PASSIVE
2025-02-06 14:06:14%f - subdomain_scanner.finder.<built-in function id> - ERROR - Error checking takeover for eodvs-prodmigrateesf.deere.com: The DNS response does not contain an answer to the question: eodvs-prodmigrateesf.deere.com. IN CNAME
2025-02-06 14:06:14%f - subdomain_scanner.finder.<built-in function id> - INFO - Found new subdomain: csg.deere.com from source: PASSIVE
2025-02-06 14:06:25%f - subdomain_scanner.finder.<built-in function id> - ERROR - Unexpected error during HTTP probe of csg.deere.com: 
2025-02-06 14:06:25%f - subdomain_scanner.finder.<built-in function id> - INFO - Found new subdomain: sfb1519thst4.jdnet.deere.com from source: PASSIVE
2025-02-06 14:06:25%f - subdomain_scanner.finder.<built-in function id> - INFO - Found new subdomain: mocicert-suite3.deere.com from source: PASSIVE
2025-02-06 14:06:25%f - subdomain_scanner.finder.<built-in function id> - ERROR - Error checking takeover for mocicert-suite3.deere.com: The DNS response does not contain an answer to the question: mocicert-suite3.deere.com. IN CNAME
2025-02-06 14:06:36%f - subdomain_scanner.finder.<built-in function id> - ERROR - Unexpected error during HTTP probe of mocicert-suite3.deere.com: 
2025-02-06 14:06:36%f - subdomain_scanner.finder.<built-in function id> - INFO - Found new subdomain: jdsnofi-servicetc19v.tal.deere.com from source: PASSIVE
2025-02-06 14:06:36%f - subdomain_scanner.finder.<built-in function id> - ERROR - Error checking takeover for jdsnofi-servicetc19v.tal.deere.com: The DNS response does not contain an answer to the question: jdsnofi-servicetc19v.tal.deere.com. IN CNAME
2025-02-06 14:06:36%f - subdomain_scanner.finder.<built-in function id> - INFO - Found new subdomain: cgm.eame.deere.com from source: PASSIVE
2025-02-06 14:06:37%f - subdomain_scanner.finder.<built-in function id> - INFO - Found new subdomain: goldstar.deere.com from source: PASSIVE
2025-02-06 14:06:37%f - subdomain_scanner.finder.<built-in function id> - ERROR - Error checking takeover for goldstar.deere.com: The DNS response does not contain an answer to the question: goldstar.deere.com. IN CNAME
2025-02-06 14:06:37%f - subdomain_scanner.finder.<built-in function id> - INFO - Found new subdomain: dut.be.battle.deere.com from source: PASSIVE
2025-02-06 14:06:37%f - subdomain_scanner.finder.<built-in function id> - ERROR - Error checking takeover for dut.be.battle.deere.com: The DNS response does not contain an answer to the question: dut.be.battle.deere.com. IN CNAME
2025-02-06 14:06:37%f - subdomain_scanner.finder.<built-in function id> - INFO - Found new subdomain: commerce1t.dpn.deere.com from source: PASSIVE
2025-02-06 14:06:37%f - subdomain_scanner.finder.<built-in function id> - ERROR - Error checking takeover for commerce1t.dpn.deere.com: The DNS response does not contain an answer to the question: commerce1t.dpn.deere.com. IN CNAME
2025-02-06 14:06:47%f - subdomain_scanner.finder.<built-in function id> - ERROR - Unexpected error during HTTP probe of commerce1t.dpn.deere.com: 
2025-02-06 14:06:47%f - subdomain_scanner.finder.<built-in function id> - INFO - Found new subdomain: prismparts.dpn.deere.com from source: PASSIVE
2025-02-06 14:06:47%f - subdomain_scanner.finder.<built-in function id> - ERROR - Error checking takeover for prismparts.dpn.deere.com: The DNS response does not contain an answer to the question: prismparts.dpn.deere.com. IN CNAME
2025-02-06 14:06:47%f - subdomain_scanner.finder.<built-in function id> - INFO - Found new subdomain: ldma34webap2.dpn.r2.deere.com from source: PASSIVE
2025-02-06 14:06:48%f - subdomain_scanner.finder.<built-in function id> - INFO - Found new subdomain: supportportaldev-ws.deere.com from source: PASSIVE
2025-02-06 14:06:48%f - subdomain_scanner.finder.<built-in function id> - ERROR - Error checking takeover for supportportaldev-ws.deere.com: The DNS response does not contain an answer to the question: supportportaldev-ws.deere.com. IN CNAME
2025-02-06 14:06:48%f - subdomain_scanner.finder.<built-in function id> - INFO - Found new subdomain: jdiswebapps.jdis.deere.com from source: PASSIVE
2025-02-06 14:06:48%f - subdomain_scanner.finder.<built-in function id> - INFO - Found new subdomain: jdprojects.deere.com from source: PASSIVE
2025-02-06 14:06:48%f - subdomain_scanner.finder.<built-in function id> - ERROR - Error checking takeover for jdprojects.deere.com: The DNS response does not contain an answer to the question: jdprojects.deere.com. IN CNAME
2025-02-06 14:06:48%f - subdomain_scanner.finder.<built-in function id> - INFO - Found new subdomain: fdxx90app245.jdnet.deere.com from source: PASSIVE
2025-02-06 14:06:48%f - subdomain_scanner.finder.<built-in function id> - INFO - Found new subdomain: 19th-claritypool1.jdnet.deere.com from source: PASSIVE
2025-02-06 14:06:53%f - subdomain_scanner.finder.<built-in function id> - INFO - Found new subdomain: hpcdcvna.deere.com from source: PASSIVE
2025-02-06 14:06:53%f - subdomain_scanner.finder.<built-in function id> - ERROR - Error checking takeover for hpcdcvna.deere.com: The DNS response does not contain an answer to the question: hpcdcvna.deere.com. IN CNAME
2025-02-06 14:06:53%f - subdomain_scanner.finder.<built-in function id> - INFO - Found new subdomain: jdgatewaydm3.deere.com from source: PASSIVE
2025-02-06 14:06:53%f - subdomain_scanner.finder.<built-in function id> - ERROR - Error checking takeover for jdgatewaydm3.deere.com: The DNS response does not contain an answer to the question: jdgatewaydm3.deere.com. IN CNAME
2025-02-06 14:06:53%f - subdomain_scanner.finder.<built-in function id> - INFO - Found new subdomain: lmssso19v.tal.deere.com from source: PASSIVE
2025-02-06 14:06:53%f - subdomain_scanner.finder.<built-in function id> - ERROR - Error checking takeover for lmssso19v.tal.deere.com: The DNS response does not contain an answer to the question: lmssso19v.tal.deere.com. IN CNAME
2025-02-06 14:06:53%f - subdomain_scanner.finder.<built-in function id> - INFO - Found new subdomain: jdsupply.deere.com from source: PASSIVE
2025-02-06 14:06:54%f - subdomain_scanner.finder.<built-in function id> - INFO - Found new subdomain: jdc-construction.deere.com from source: PASSIVE
2025-02-06 14:06:54%f - subdomain_scanner.finder.<built-in function id> - ERROR - Error checking takeover for jdc-construction.deere.com: The DNS response does not contain an answer to the question: jdc-construction.deere.com. IN CNAME
2025-02-06 14:06:54%f - subdomain_scanner.finder.<built-in function id> - INFO - Found new subdomain: cpb.test.deere.com from source: PASSIVE
2025-02-06 14:06:54%f - subdomain_scanner.finder.<built-in function id> - ERROR - Error checking takeover for cpb.test.deere.com: The DNS response does not contain an answer to the question: cpb.test.deere.com. IN CNAME
2025-02-06 14:06:54%f - subdomain_scanner.finder.<built-in function id> - INFO - Found new subdomain: fdpnnesprod3a.dpn.deere.com from source: PASSIVE
2025-02-06 14:06:54%f - subdomain_scanner.finder.<built-in function id> - ERROR - Error checking takeover for fdpnnesprod3a.dpn.deere.com: The DNS response does not contain an answer to the question: fdpnnesprod3a.dpn.deere.com. IN CNAME
2025-02-06 14:07:04%f - subdomain_scanner.finder.<built-in function id> - ERROR - Unexpected error during HTTP probe of fdpnnesprod3a.dpn.deere.com: 
2025-02-06 14:07:04%f - subdomain_scanner.finder.<built-in function id> - INFO - Found new subdomain: dc-service.expertconnect.deere.com from source: PASSIVE
2025-02-06 14:07:04%f - subdomain_scanner.finder.<built-in function id> - INFO - Found new subdomain: ebamsgqa2.tal.deere.com from source: PASSIVE
2025-02-06 14:07:04%f - subdomain_scanner.finder.<built-in function id> - ERROR - Error checking takeover for ebamsgqa2.tal.deere.com: The DNS response does not contain an answer to the question: ebamsgqa2.tal.deere.com. IN CNAME
2025-02-06 14:07:04%f - subdomain_scanner.finder.<built-in function id> - INFO - Found new subdomain: xmpp.jdlab.deere.com from source: PASSIVE
2025-02-06 14:07:05%f - subdomain_scanner.finder.<built-in function id> - INFO - Found new subdomain: zdxisepolicy07.dx.deere.com from source: PASSIVE
2025-02-06 14:07:05%f - subdomain_scanner.finder.<built-in function id> - ERROR - Error checking takeover for zdxisepolicy07.dx.deere.com: The DNS response does not contain an answer to the question: zdxisepolicy07.dx.deere.com. IN CNAME
2025-02-06 14:07:05%f - subdomain_scanner.finder.<built-in function id> - INFO - Found new subdomain: ebaimsgesfv.dpn.deere.com from source: PASSIVE
2025-02-06 14:07:05%f - subdomain_scanner.finder.<built-in function id> - ERROR - Error checking takeover for ebaimsgesfv.dpn.deere.com: The DNS response does not contain an answer to the question: ebaimsgesfv.dpn.deere.com. IN CNAME
2025-02-06 14:07:15%f - subdomain_scanner.finder.<built-in function id> - ERROR - Unexpected error during HTTP probe of ebaimsgesfv.dpn.deere.com: 
2025-02-06 14:07:15%f - subdomain_scanner.finder.<built-in function id> - INFO - Found new subdomain: devlapp41119v.tal.deere.com from source: PASSIVE
2025-02-06 14:07:15%f - subdomain_scanner.finder.<built-in function id> - ERROR - Error checking takeover for devlapp41119v.tal.deere.com: The DNS response does not contain an answer to the question: devlapp41119v.tal.deere.com. IN CNAME
2025-02-06 14:07:15%f - subdomain_scanner.finder.<built-in function id> - INFO - Found new subdomain: elabmmxmb1.jdlab.deere.com from source: PASSIVE
2025-02-06 14:07:16%f - subdomain_scanner.finder.<built-in function id> - INFO - Found new subdomain: jdcspreports.deere.com from source: PASSIVE
2025-02-06 14:07:16%f - subdomain_scanner.finder.<built-in function id> - ERROR - Error checking takeover for jdcspreports.deere.com: The DNS response does not contain an answer to the question: jdcspreports.deere.com. IN CNAME
2025-02-06 14:07:16%f - subdomain_scanner.finder.<built-in function id> - INFO - Found new subdomain: wasprod1ff.dpn.deere.com from source: PASSIVE
2025-02-06 14:07:16%f - subdomain_scanner.finder.<built-in function id> - ERROR - Error checking takeover for wasprod1ff.dpn.deere.com: The DNS response does not contain an answer to the question: wasprod1ff.dpn.deere.com. IN CNAME
2025-02-06 14:07:26%f - subdomain_scanner.finder.<built-in function id> - ERROR - Unexpected error during HTTP probe of wasprod1ff.dpn.deere.com: 
2025-02-06 14:07:26%f - subdomain_scanner.finder.<built-in function id> - INFO - Found new subdomain: jdgatewaypwg.deere.com from source: PASSIVE
2025-02-06 14:07:26%f - subdomain_scanner.finder.<built-in function id> - ERROR - Error checking takeover for jdgatewaypwg.deere.com: The DNS response does not contain an answer to the question: jdgatewaypwg.deere.com. IN CNAME
2025-02-06 14:07:27%f - subdomain_scanner.finder.<built-in function id> - INFO - Found new subdomain: edskb.qa.deere.com from source: PASSIVE
2025-02-06 14:07:27%f - subdomain_scanner.finder.<built-in function id> - INFO - Found new subdomain: kent.virtd.deere.com from source: PASSIVE
2025-02-06 14:07:27%f - subdomain_scanner.finder.<built-in function id> - INFO - Found new subdomain: ts-dealer.deere.com from source: PASSIVE
2025-02-06 14:07:38%f - subdomain_scanner.finder.<built-in function id> - ERROR - Unexpected error during HTTP probe of ts-dealer.deere.com: 
2025-02-06 14:07:38%f - subdomain_scanner.finder.<built-in function id> - INFO - Found new subdomain: hitachiconstructionv.dpn.deere.com from source: PASSIVE
2025-02-06 14:07:38%f - subdomain_scanner.finder.<built-in function id> - ERROR - Error checking takeover for hitachiconstructionv.dpn.deere.com: The DNS response does not contain an answer to the question: hitachiconstructionv.dpn.deere.com. IN CNAME
2025-02-06 14:07:49%f - subdomain_scanner.finder.<built-in function id> - ERROR - Unexpected error during HTTP probe of hitachiconstructionv.dpn.deere.com: 
2025-02-06 14:07:49%f - subdomain_scanner.finder.<built-in function id> - INFO - Found new subdomain: traktisupdate.deere.com from source: PASSIVE
2025-02-06 14:07:49%f - subdomain_scanner.finder.<built-in function id> - ERROR - Error checking takeover for traktisupdate.deere.com: The DNS response does not contain an answer to the question: traktisupdate.deere.com. IN CNAME
2025-02-06 14:08:00%f - subdomain_scanner.finder.<built-in function id> - ERROR - Unexpected error during HTTP probe of traktisupdate.deere.com: 
2025-02-06 14:08:00%f - subdomain_scanner.finder.<built-in function id> - INFO - Found new subdomain: dfa2.tal.deere.com from source: PASSIVE
2025-02-06 14:08:00%f - subdomain_scanner.finder.<built-in function id> - ERROR - Error checking takeover for dfa2.tal.deere.com: The DNS response does not contain an answer to the question: dfa2.tal.deere.com. IN CNAME
2025-02-06 14:08:00%f - subdomain_scanner.finder.<built-in function id> - INFO - Found new subdomain: queryqual.tal.deere.com from source: PASSIVE
2025-02-06 14:08:00%f - subdomain_scanner.finder.<built-in function id> - ERROR - Error checking takeover for queryqual.tal.deere.com: The DNS response does not contain an answer to the question: queryqual.tal.deere.com. IN CNAME
2025-02-06 14:08:01%f - subdomain_scanner.finder.<built-in function id> - INFO - Found new subdomain: letsencrypt.deere.com from source: PASSIVE
2025-02-06 14:08:01%f - subdomain_scanner.finder.<built-in function id> - INFO - Found new subdomain: power.deere.com from source: PASSIVE
2025-02-06 14:08:01%f - subdomain_scanner.finder.<built-in function id> - ERROR - Error checking takeover for power.deere.com: The DNS response does not contain an answer to the question: power.deere.com. IN CNAME
2025-02-06 14:08:01%f - subdomain_scanner.finder.<built-in function id> - INFO - Found new subdomain: fsde90arcgis2.sde.deere.com from source: PASSIVE
2025-02-06 14:08:01%f - subdomain_scanner.finder.<built-in function id> - INFO - Found new subdomain: proto9-nat.dpn.deere.com from source: PASSIVE
2025-02-06 14:08:01%f - subdomain_scanner.finder.<built-in function id> - ERROR - Error checking takeover for proto9-nat.dpn.deere.com: The DNS response does not contain an answer to the question: proto9-nat.dpn.deere.com. IN CNAME
2025-02-06 14:08:12%f - subdomain_scanner.finder.<built-in function id> - ERROR - Unexpected error during HTTP probe of proto9-nat.dpn.deere.com: 
2025-02-06 14:08:12%f - subdomain_scanner.finder.<built-in function id> - INFO - Found new subdomain: ldxx90depot2.dx.deere.com from source: PASSIVE
2025-02-06 14:08:12%f - subdomain_scanner.finder.<built-in function id> - ERROR - Error checking takeover for ldxx90depot2.dx.deere.com: The DNS response does not contain an answer to the question: ldxx90depot2.dx.deere.com. IN CNAME
2025-02-06 14:08:23%f - subdomain_scanner.finder.<built-in function id> - ERROR - Unexpected error during HTTP probe of ldxx90depot2.dx.deere.com: 
2025-02-06 14:08:23%f - subdomain_scanner.finder.<built-in function id> - INFO - Found new subdomain: partsinvoicestcv.tal.deere.com from source: PASSIVE
2025-02-06 14:08:23%f - subdomain_scanner.finder.<built-in function id> - ERROR - Error checking takeover for partsinvoicestcv.tal.deere.com: The DNS response does not contain an answer to the question: partsinvoicestcv.tal.deere.com. IN CNAME
2025-02-06 14:08:23%f - subdomain_scanner.finder.<built-in function id> - INFO - Found new subdomain: parts-pilot.parts.tal.deere.com from source: PASSIVE
2025-02-06 14:08:24%f - subdomain_scanner.finder.<built-in function id> - INFO - Found new subdomain: gen4cc-os-dev.virtd.deere.com from source: PASSIVE
2025-02-06 14:08:24%f - subdomain_scanner.finder.<built-in function id> - INFO - Found new subdomain: filetransferesfv.dpn.deere.com from source: PASSIVE
2025-02-06 14:08:24%f - subdomain_scanner.finder.<built-in function id> - ERROR - Error checking takeover for filetransferesfv.dpn.deere.com: The DNS response does not contain an answer to the question: filetransferesfv.dpn.deere.com. IN CNAME
2025-02-06 14:08:24%f - subdomain_scanner.finder.<built-in function id> - INFO - Found new subdomain: sfb15esf1int.jdnet.deere.com from source: PASSIVE
2025-02-06 14:08:24%f - subdomain_scanner.finder.<built-in function id> - INFO - Found new subdomain: zbripn-vinhasc-pzen1-service3.deere.com from source: PASSIVE
2025-02-06 14:08:24%f - subdomain_scanner.finder.<built-in function id> - ERROR - Error checking takeover for zbripn-vinhasc-pzen1-service3.deere.com: The DNS response does not contain an answer to the question: zbripn-vinhasc-pzen1-service3.deere.com. IN CNAME
2025-02-06 14:08:25%f - subdomain_scanner.finder.<built-in function id> - INFO - Found new subdomain: mgcv.tal.deere.com from source: PASSIVE
2025-02-06 14:08:25%f - subdomain_scanner.finder.<built-in function id> - ERROR - Error checking takeover for mgcv.tal.deere.com: The DNS response does not contain an answer to the question: mgcv.tal.deere.com. IN CNAME
2025-02-06 14:08:36%f - subdomain_scanner.finder.<built-in function id> - ERROR - Unexpected error during HTTP probe of mgcv.tal.deere.com: 
2025-02-06 14:08:36%f - subdomain_scanner.finder.<built-in function id> - INFO - Found new subdomain: dtacgr.deere.com from source: PASSIVE
2025-02-06 14:08:36%f - subdomain_scanner.finder.<built-in function id> - ERROR - Error checking takeover for dtacgr.deere.com: The DNS response does not contain an answer to the question: dtacgr.deere.com. IN CNAME
2025-02-06 14:08:47%f - subdomain_scanner.finder.<built-in function id> - ERROR - Unexpected error during HTTP probe of dtacgr.deere.com: 
2025-02-06 14:08:47%f - subdomain_scanner.finder.<built-in function id> - INFO - Found new subdomain: sfb1519thst4ext.jdnet.deere.com from source: PASSIVE
2025-02-06 14:08:47%f - subdomain_scanner.finder.<built-in function id> - INFO - Found new subdomain: jdgatewaydm2.deere.com from source: PASSIVE
2025-02-06 14:08:47%f - subdomain_scanner.finder.<built-in function id> - ERROR - Error checking takeover for jdgatewaydm2.deere.com: The DNS response does not contain an answer to the question: jdgatewaydm2.deere.com. IN CNAME
2025-02-06 14:08:47%f - subdomain_scanner.finder.<built-in function id> - INFO - Found new subdomain: jdsn-amstc.tal.deere.com from source: PASSIVE
2025-02-06 14:08:47%f - subdomain_scanner.finder.<built-in function id> - ERROR - Error checking takeover for jdsn-amstc.tal.deere.com: The DNS response does not contain an answer to the question: jdsn-amstc.tal.deere.com. IN CNAME
2025-02-06 14:08:53%f - subdomain_scanner.finder.<built-in function id> - INFO - Found new subdomain: jdonline.deere.com from source: PASSIVE
2025-02-06 14:08:54%f - subdomain_scanner.finder.<built-in function id> - INFO - Found new subdomain: team-adv-eng.virtd.deere.com from source: PASSIVE
2025-02-06 14:08:54%f - subdomain_scanner.finder.<built-in function id> - INFO - Found new subdomain: fdxeds1.jdnet.deere.com from source: PASSIVE
2025-02-06 14:08:54%f - subdomain_scanner.finder.<built-in function id> - INFO - Found new subdomain: dtacv.dpn.deere.com from source: PASSIVE
2025-02-06 14:08:54%f - subdomain_scanner.finder.<built-in function id> - ERROR - Error checking takeover for dtacv.dpn.deere.com: The DNS response does not contain an answer to the question: dtacv.dpn.deere.com. IN CNAME
2025-02-06 14:09:05%f - subdomain_scanner.finder.<built-in function id> - ERROR - Unexpected error during HTTP probe of dtacv.dpn.deere.com: 
2025-02-06 14:09:05%f - subdomain_scanner.finder.<built-in function id> - INFO - Found new subdomain: jdgatewayag3.deere.com from source: PASSIVE
2025-02-06 14:09:05%f - subdomain_scanner.finder.<built-in function id> - ERROR - Error checking takeover for jdgatewayag3.deere.com: The DNS response does not contain an answer to the question: jdgatewayag3.deere.com. IN CNAME
2025-02-06 14:09:05%f - subdomain_scanner.finder.<built-in function id> - INFO - Found new subdomain: authjdfmodel.tal.deere.com from source: PASSIVE
2025-02-06 14:09:05%f - subdomain_scanner.finder.<built-in function id> - ERROR - Error checking takeover for authjdfmodel.tal.deere.com: The DNS response does not contain an answer to the question: authjdfmodel.tal.deere.com. IN CNAME
2025-02-06 14:09:05%f - subdomain_scanner.finder.<built-in function id> - INFO - Found new subdomain: jddealer.deere.com from source: PASSIVE
2025-02-06 14:09:06%f - subdomain_scanner.finder.<built-in function id> - ERROR - Error checking takeover for jddealer.deere.com: The DNS response does not contain an answer to the question: jddealer.deere.com. IN CNAME
2025-02-06 14:09:06%f - subdomain_scanner.finder.<built-in function id> - INFO - Found new subdomain: devlapp870.tal.deere.com from source: PASSIVE
2025-02-06 14:09:06%f - subdomain_scanner.finder.<built-in function id> - ERROR - Error checking takeover for devlapp870.tal.deere.com: The DNS response does not contain an answer to the question: devlapp870.tal.deere.com. IN CNAME
2025-02-06 14:09:12%f - subdomain_scanner.finder.<built-in function id> - INFO - Found new subdomain: commerce1z.dpn.deere.com from source: PASSIVE
2025-02-06 14:09:12%f - subdomain_scanner.finder.<built-in function id> - ERROR - Error checking takeover for commerce1z.dpn.deere.com: The DNS response does not contain an answer to the question: commerce1z.dpn.deere.com. IN CNAME
2025-02-06 14:09:22%f - subdomain_scanner.finder.<built-in function id> - ERROR - Unexpected error during HTTP probe of commerce1z.dpn.deere.com: 
2025-02-06 14:09:22%f - subdomain_scanner.finder.<built-in function id> - INFO - Found new subdomain: fgetcesccm1.jdnet.deere.com from source: PASSIVE
2025-02-06 14:09:22%f - subdomain_scanner.finder.<built-in function id> - INFO - Found new subdomain: mail23legacy.jdnet.deere.com from source: PASSIVE
2025-02-06 14:09:27%f - subdomain_scanner.finder.<built-in function id> - INFO - Found new subdomain: pispc.deere.com from source: PASSIVE
2025-02-06 14:09:27%f - subdomain_scanner.finder.<built-in function id> - ERROR - Error checking takeover for pispc.deere.com: The DNS response does not contain an answer to the question: pispc.deere.com. IN CNAME
2025-02-06 14:09:38%f - subdomain_scanner.finder.<built-in function id> - ERROR - Unexpected error during HTTP probe of pispc.deere.com: 
2025-02-06 14:09:38%f - subdomain_scanner.finder.<built-in function id> - INFO - Found new subdomain: sp-prob.qa.deere.com from source: PASSIVE
2025-02-06 14:09:38%f - subdomain_scanner.finder.<built-in function id> - INFO - Found new subdomain: ftiacpsccm6.jdnet.deere.com from source: PASSIVE
2025-02-06 14:09:43%f - subdomain_scanner.finder.<built-in function id> - INFO - Found new subdomain: zdxisenode50.aaa.deere.com from source: PASSIVE
2025-02-06 14:09:43%f - subdomain_scanner.finder.<built-in function id> - ERROR - Error checking takeover for zdxisenode50.aaa.deere.com: The DNS response does not contain an answer to the question: zdxisenode50.aaa.deere.com. IN CNAME
2025-02-06 14:09:54%f - subdomain_scanner.finder.<built-in function id> - ERROR - Unexpected error during HTTP probe of zdxisenode50.aaa.deere.com: 
2025-02-06 14:09:54%f - subdomain_scanner.finder.<built-in function id> - INFO - Found new subdomain: 3dspacefcsdev.deere.com from source: PASSIVE
2025-02-06 14:09:54%f - subdomain_scanner.finder.<built-in function id> - ERROR - Error checking takeover for 3dspacefcsdev.deere.com: The DNS response does not contain an answer to the question: 3dspacefcsdev.deere.com. IN CNAME
2025-02-06 14:09:54%f - subdomain_scanner.finder.<built-in function id> - INFO - Found new subdomain: plm-nat.dpn.deere.com from source: PASSIVE
2025-02-06 14:09:54%f - subdomain_scanner.finder.<built-in function id> - ERROR - Error checking takeover for plm-nat.dpn.deere.com: The DNS response does not contain an answer to the question: plm-nat.dpn.deere.com. IN CNAME
2025-02-06 14:10:05%f - subdomain_scanner.finder.<built-in function id> - ERROR - Unexpected error during HTTP probe of plm-nat.dpn.deere.com: 
2025-02-06 14:10:05%f - subdomain_scanner.finder.<built-in function id> - INFO - Found new subdomain: mailpupilot.jdnet.deere.com from source: PASSIVE
2025-02-06 14:10:05%f - subdomain_scanner.finder.<built-in function id> - INFO - Found new subdomain: fdxx90uni17.jdnet.deere.com from source: PASSIVE
2025-02-06 14:10:10%f - subdomain_scanner.finder.<built-in function id> - INFO - Found new subdomain: mall1.deere.com from source: PASSIVE
2025-02-06 14:10:10%f - subdomain_scanner.finder.<built-in function id> - ERROR - Error checking takeover for mall1.deere.com: The DNS response does not contain an answer to the question: mall1.deere.com. IN CNAME
2025-02-06 14:10:21%f - subdomain_scanner.finder.<built-in function id> - ERROR - Unexpected error during HTTP probe of mall1.deere.com: 
2025-02-06 14:10:21%f - subdomain_scanner.finder.<built-in function id> - INFO - Found new subdomain: ldma34webap1.dpn.r2.deere.com from source: PASSIVE
2025-02-06 14:10:21%f - subdomain_scanner.finder.<built-in function id> - INFO - Found new subdomain: jdsn-ecptcv.tal.deere.com from source: PASSIVE
2025-02-06 14:10:21%f - subdomain_scanner.finder.<built-in function id> - ERROR - Error checking takeover for jdsn-ecptcv.tal.deere.com: The DNS response does not contain an answer to the question: jdsn-ecptcv.tal.deere.com. IN CNAME
2025-02-06 14:10:21%f - subdomain_scanner.finder.<built-in function id> - INFO - Found new subdomain: ci-sandbox.cert.virtd.deere.com from source: PASSIVE
2025-02-06 14:10:22%f - subdomain_scanner.finder.<built-in function id> - INFO - Found new subdomain: jdsn-frtpay.deere.com from source: PASSIVE
2025-02-06 14:10:22%f - subdomain_scanner.finder.<built-in function id> - INFO - Found new subdomain: se.battle.deere.com from source: PASSIVE
2025-02-06 14:10:22%f - subdomain_scanner.finder.<built-in function id> - ERROR - Error checking takeover for se.battle.deere.com: The DNS response does not contain an answer to the question: se.battle.deere.com. IN CNAME
2025-02-06 14:10:22%f - subdomain_scanner.finder.<built-in function id> - INFO - Found new subdomain: adds-in.deere.com from source: PASSIVE
2025-02-06 14:10:22%f - subdomain_scanner.finder.<built-in function id> - ERROR - Error checking takeover for adds-in.deere.com: The DNS response does not contain an answer to the question: adds-in.deere.com. IN CNAME
2025-02-06 14:10:22%f - subdomain_scanner.finder.<built-in function id> - INFO - Found new subdomain: sfb15esf4ext.jdnet.deere.com from source: PASSIVE
2025-02-06 14:10:22%f - subdomain_scanner.finder.<built-in function id> - INFO - Found new subdomain: redjdtestokta.deere.com from source: PASSIVE
2025-02-06 14:10:22%f - subdomain_scanner.finder.<built-in function id> - ERROR - Error checking takeover for redjdtestokta.deere.com: The DNS response does not contain an answer to the question: redjdtestokta.deere.com. IN CNAME
2025-02-06 14:10:23%f - subdomain_scanner.finder.<built-in function id> - INFO - Found new subdomain: flabapp81.jdlab.deere.com from source: PASSIVE
2025-02-06 14:10:23%f - subdomain_scanner.finder.<built-in function id> - INFO - Found new subdomain: svn-de.deere.com from source: PASSIVE
2025-02-06 14:10:23%f - subdomain_scanner.finder.<built-in function id> - WARNING - Potential takeover: svn-de.deere.com -> lman90svn1.jdnet.deere.com.
2025-02-06 14:10:23%f - subdomain_scanner.finder.<built-in function id> - INFO - Found new subdomain: logstash-node-0.cert.virtd.deere.com from source: PASSIVE
2025-02-06 14:10:24%f - subdomain_scanner.finder.<built-in function id> - INFO - Found new subdomain: frio2qfeucs1.jdnet.deere.com from source: PASSIVE
2025-02-06 14:10:26%f - subdomain_scanner.finder.<built-in function id> - INFO - Found new subdomain: jdisv.dpn.deere.com from source: PASSIVE
2025-02-06 14:10:26%f - subdomain_scanner.finder.<built-in function id> - ERROR - Error checking takeover for jdisv.dpn.deere.com: The DNS response does not contain an answer to the question: jdisv.dpn.deere.com. IN CNAME
2025-02-06 14:10:26%f - subdomain_scanner.finder.<built-in function id> - INFO - Found new subdomain: oldconfigdocgeneratorv.dpn.deere.com from source: PASSIVE
2025-02-06 14:10:26%f - subdomain_scanner.finder.<built-in function id> - ERROR - Error checking takeover for oldconfigdocgeneratorv.dpn.deere.com: The DNS response does not contain an answer to the question: oldconfigdocgeneratorv.dpn.deere.com. IN CNAME
2025-02-06 14:10:32%f - subdomain_scanner.finder.<built-in function id> - INFO - Found new subdomain: runaudit.tal.deere.com from source: PASSIVE
2025-02-06 14:10:32%f - subdomain_scanner.finder.<built-in function id> - ERROR - Error checking takeover for runaudit.tal.deere.com: The DNS response does not contain an answer to the question: runaudit.tal.deere.com. IN CNAME
2025-02-06 14:10:32%f - subdomain_scanner.finder.<built-in function id> - INFO - Found new subdomain: share-demo.qa.deere.com from source: PASSIVE
2025-02-06 14:10:33%f - subdomain_scanner.finder.<built-in function id> - INFO - Found new subdomain: ececert.deere.com from source: PASSIVE
2025-02-06 14:10:33%f - subdomain_scanner.finder.<built-in function id> - ERROR - Error checking takeover for ececert.deere.com: The DNS response does not contain an answer to the question: ececert.deere.com. IN CNAME
2025-02-06 14:10:33%f - subdomain_scanner.finder.<built-in function id> - INFO - Found new subdomain: jdproposalv.dpn.deere.com from source: PASSIVE
2025-02-06 14:10:33%f - subdomain_scanner.finder.<built-in function id> - ERROR - Error checking takeover for jdproposalv.dpn.deere.com: The DNS response does not contain an answer to the question: jdproposalv.dpn.deere.com. IN CNAME
2025-02-06 14:10:39%f - subdomain_scanner.finder.<built-in function id> - INFO - Found new subdomain: partsadvisor2.deere.com from source: PASSIVE
2025-02-06 14:10:39%f - subdomain_scanner.finder.<built-in function id> - ERROR - Error checking takeover for partsadvisor2.deere.com: The DNS response does not contain an answer to the question: partsadvisor2.deere.com. IN CNAME
2025-02-06 14:10:39%f - subdomain_scanner.finder.<built-in function id> - INFO - Found new subdomain: jdsn-wif19v.dpn.deere.com from source: PASSIVE
2025-02-06 14:10:39%f - subdomain_scanner.finder.<built-in function id> - ERROR - Error checking takeover for jdsn-wif19v.dpn.deere.com: The DNS response does not contain an answer to the question: jdsn-wif19v.dpn.deere.com. IN CNAME
2025-02-06 14:10:45%f - subdomain_scanner.finder.<built-in function id> - INFO - Found new subdomain: ldma34app7.dpn.r2.deere.com from source: PASSIVE
2025-02-06 14:10:45%f - subdomain_scanner.finder.<built-in function id> - ERROR - Error checking takeover for ldma34app7.dpn.r2.deere.com: The DNS response does not contain an answer to the question: ldma34app7.dpn.r2.deere.com. IN CNAME
2025-02-06 14:10:46%f - subdomain_scanner.finder.<built-in function id> - INFO - Found new subdomain: sdkjdf.deere.com from source: PASSIVE
2025-02-06 14:10:46%f - subdomain_scanner.finder.<built-in function id> - ERROR - Error checking takeover for sdkjdf.deere.com: The DNS response does not contain an answer to the question: sdkjdf.deere.com. IN CNAME
2025-02-06 14:10:46%f - subdomain_scanner.finder.<built-in function id> - INFO - Found new subdomain: supportportalqar14-attachments.deere.com from source: PASSIVE
2025-02-06 14:10:46%f - subdomain_scanner.finder.<built-in function id> - ERROR - Error checking takeover for supportportalqar14-attachments.deere.com: The DNS response does not contain an answer to the question: supportportalqar14-attachments.deere.com. IN CNAME
2025-02-06 14:10:46%f - subdomain_scanner.finder.<built-in function id> - INFO - Found new subdomain: ofenablev.tal.deere.com from source: PASSIVE
2025-02-06 14:10:46%f - subdomain_scanner.finder.<built-in function id> - ERROR - Error checking takeover for ofenablev.tal.deere.com: The DNS response does not contain an answer to the question: ofenablev.tal.deere.com. IN CNAME
2025-02-06 14:10:47%f - subdomain_scanner.finder.<built-in function id> - INFO - Found new subdomain: amdzone.deere.com from source: PASSIVE
2025-02-06 14:10:47%f - subdomain_scanner.finder.<built-in function id> - INFO - Found new subdomain: team-leader-follower.virtd.deere.com from source: PASSIVE
2025-02-06 14:10:47%f - subdomain_scanner.finder.<built-in function id> - INFO - Found new subdomain: zdxlogger2.dx.deere.com from source: PASSIVE
2025-02-06 14:10:47%f - subdomain_scanner.finder.<built-in function id> - ERROR - Error checking takeover for zdxlogger2.dx.deere.com: The DNS response does not contain an answer to the question: zdxlogger2.dx.deere.com. IN CNAME
2025-02-06 14:10:47%f - subdomain_scanner.finder.<built-in function id> - INFO - Found new subdomain: search19thv.dpn.deere.com from source: PASSIVE
2025-02-06 14:10:47%f - subdomain_scanner.finder.<built-in function id> - ERROR - Error checking takeover for search19thv.dpn.deere.com: The DNS response does not contain an answer to the question: search19thv.dpn.deere.com. IN CNAME
2025-02-06 14:10:48%f - subdomain_scanner.finder.<built-in function id> - INFO - Found new subdomain: devlapp312.tal.deere.com from source: PASSIVE
2025-02-06 14:10:48%f - subdomain_scanner.finder.<built-in function id> - ERROR - Error checking takeover for devlapp312.tal.deere.com: The DNS response does not contain an answer to the question: devlapp312.tal.deere.com. IN CNAME
2025-02-06 14:10:48%f - subdomain_scanner.finder.<built-in function id> - INFO - Found new subdomain: mysite.quality.deere.com from source: PASSIVE
2025-02-06 14:10:48%f - subdomain_scanner.finder.<built-in function id> - ERROR - Error checking takeover for mysite.quality.deere.com: The DNS response does not contain an answer to the question: mysite.quality.deere.com. IN CNAME
2025-02-06 14:10:58%f - subdomain_scanner.finder.<built-in function id> - ERROR - Unexpected error during HTTP probe of mysite.quality.deere.com: 
2025-02-06 14:10:58%f - subdomain_scanner.finder.<built-in function id> - INFO - Found new subdomain: cssapp01.dx.deere.com from source: PASSIVE
2025-02-06 14:10:58%f - subdomain_scanner.finder.<built-in function id> - ERROR - Error checking takeover for cssapp01.dx.deere.com: The DNS response does not contain an answer to the question: cssapp01.dx.deere.com. IN CNAME
2025-02-06 14:10:58%f - subdomain_scanner.finder.<built-in function id> - INFO - Found new subdomain: connect2.deere.com from source: PASSIVE
2025-02-06 14:10:59%f - subdomain_scanner.finder.<built-in function id> - INFO - Found new subdomain: jdqtinv.deere.com from source: PASSIVE
2025-02-06 14:10:59%f - subdomain_scanner.finder.<built-in function id> - ERROR - Error checking takeover for jdqtinv.deere.com: The DNS response does not contain an answer to the question: jdqtinv.deere.com. IN CNAME
2025-02-06 14:10:59%f - subdomain_scanner.finder.<built-in function id> - INFO - Found new subdomain: search.lab.deere.com from source: PASSIVE
2025-02-06 14:10:59%f - subdomain_scanner.finder.<built-in function id> - ERROR - Error checking takeover for search.lab.deere.com: The DNS response does not contain an answer to the question: search.lab.deere.com. IN CNAME
2025-02-06 14:11:09%f - subdomain_scanner.finder.<built-in function id> - ERROR - Unexpected error during HTTP probe of search.lab.deere.com: 
2025-02-06 14:11:09%f - subdomain_scanner.finder.<built-in function id> - INFO - Found new subdomain: dvdcalctc19v.tal.deere.com from source: PASSIVE
2025-02-06 14:11:09%f - subdomain_scanner.finder.<built-in function id> - ERROR - Error checking takeover for dvdcalctc19v.tal.deere.com: The DNS response does not contain an answer to the question: dvdcalctc19v.tal.deere.com. IN CNAME
2025-02-06 14:11:09%f - subdomain_scanner.finder.<built-in function id> - INFO - Found new subdomain: fdxx90app242.jdnet.deere.com from source: PASSIVE
2025-02-06 14:11:09%f - subdomain_scanner.finder.<built-in function id> - INFO - Found new subdomain: partsadvisor.deere.com from source: PASSIVE
2025-02-06 14:11:10%f - subdomain_scanner.finder.<built-in function id> - INFO - Found new subdomain: ftpserver.jdis.deere.com from source: PASSIVE
2025-02-06 14:11:15%f - subdomain_scanner.finder.<built-in function id> - INFO - Found new subdomain: zinipn-punet14-pzen2-mgmt.dpn.deere.com from source: PASSIVE
2025-02-06 14:11:15%f - subdomain_scanner.finder.<built-in function id> - ERROR - Error checking takeover for zinipn-punet14-pzen2-mgmt.dpn.deere.com: The DNS response does not contain an answer to the question: zinipn-punet14-pzen2-mgmt.dpn.deere.com. IN CNAME
2025-02-06 14:11:25%f - subdomain_scanner.finder.<built-in function id> - ERROR - Unexpected error during HTTP probe of zinipn-punet14-pzen2-mgmt.dpn.deere.com: 
2025-02-06 14:11:25%f - subdomain_scanner.finder.<built-in function id> - INFO - Found new subdomain: jdnetaccounts.deere.com from source: PASSIVE
2025-02-06 14:11:25%f - subdomain_scanner.finder.<built-in function id> - ERROR - Error checking takeover for jdnetaccounts.deere.com: The DNS response does not contain an answer to the question: jdnetaccounts.deere.com. IN CNAME
2025-02-06 14:11:25%f - subdomain_scanner.finder.<built-in function id> - INFO - Found new subdomain: pl.battle.deere.com from source: PASSIVE
2025-02-06 14:11:25%f - subdomain_scanner.finder.<built-in function id> - ERROR - Error checking takeover for pl.battle.deere.com: The DNS response does not contain an answer to the question: pl.battle.deere.com. IN CNAME
2025-02-06 14:11:25%f - subdomain_scanner.finder.<built-in function id> - INFO - Found new subdomain: customperformance-blue19v.deere.com from source: PASSIVE
2025-02-06 14:11:25%f - subdomain_scanner.finder.<built-in function id> - ERROR - Error checking takeover for customperformance-blue19v.deere.com: The DNS response does not contain an answer to the question: customperformance-blue19v.deere.com. IN CNAME
2025-02-06 14:11:26%f - subdomain_scanner.finder.<built-in function id> - INFO - Found new subdomain: graphicalbyo.deere.com from source: PASSIVE
2025-02-06 14:11:26%f - subdomain_scanner.finder.<built-in function id> - INFO - Found new subdomain: ebonusbucksesfv.dpn.deere.com from source: PASSIVE
2025-02-06 14:11:26%f - subdomain_scanner.finder.<built-in function id> - ERROR - Error checking takeover for ebonusbucksesfv.dpn.deere.com: The DNS response does not contain an answer to the question: ebonusbucksesfv.dpn.deere.com. IN CNAME
2025-02-06 14:11:26%f - subdomain_scanner.finder.<built-in function id> - INFO - Found new subdomain: tipsnotebook.deere.com from source: PASSIVE
2025-02-06 14:11:26%f - subdomain_scanner.finder.<built-in function id> - ERROR - Error checking takeover for tipsnotebook.deere.com: The DNS response does not contain an answer to the question: tipsnotebook.deere.com. IN CNAME
2025-02-06 14:11:27%f - subdomain_scanner.finder.<built-in function id> - INFO - Found new subdomain: itapp14-w9-vip2.tal.deere.com from source: PASSIVE
2025-02-06 14:11:27%f - subdomain_scanner.finder.<built-in function id> - ERROR - Error checking takeover for itapp14-w9-vip2.tal.deere.com: The DNS response does not contain an answer to the question: itapp14-w9-vip2.tal.deere.com. IN CNAME
2025-02-06 14:11:27%f - subdomain_scanner.finder.<built-in function id> - INFO - Found new subdomain: devlapp135.tal.deere.com from source: PASSIVE
2025-02-06 14:11:27%f - subdomain_scanner.finder.<built-in function id> - ERROR - Error checking takeover for devlapp135.tal.deere.com: The DNS response does not contain an answer to the question: devlapp135.tal.deere.com. IN CNAME
2025-02-06 14:11:33%f - subdomain_scanner.finder.<built-in function id> - INFO - Found new subdomain: view.deere.com from source: PASSIVE
2025-02-06 14:11:33%f - subdomain_scanner.finder.<built-in function id> - ERROR - Error checking takeover for view.deere.com: The DNS response does not contain an answer to the question: view.deere.com. IN CNAME
2025-02-06 14:11:33%f - subdomain_scanner.finder.<built-in function id> - INFO - Found new subdomain: adds-s.tal.deere.com from source: PASSIVE
2025-02-06 14:11:33%f - subdomain_scanner.finder.<built-in function id> - ERROR - Error checking takeover for adds-s.tal.deere.com: The DNS response does not contain an answer to the question: adds-s.tal.deere.com. IN CNAME
2025-02-06 14:11:33%f - subdomain_scanner.finder.<built-in function id> - INFO - Found new subdomain: dpm-ftps.deere.com from source: PASSIVE
2025-02-06 14:11:33%f - subdomain_scanner.finder.<built-in function id> - ERROR - Error checking takeover for dpm-ftps.deere.com: The DNS response does not contain an answer to the question: dpm-ftps.deere.com. IN CNAME
2025-02-06 14:11:33%f - subdomain_scanner.finder.<built-in function id> - INFO - Found new subdomain: jdpadmin.deere.com from source: PASSIVE
2025-02-06 14:11:34%f - subdomain_scanner.finder.<built-in function id> - INFO - Found new subdomain: fdpnapp10.jdpublic.deere.com from source: PASSIVE
2025-02-06 14:11:34%f - subdomain_scanner.finder.<built-in function id> - ERROR - Error checking takeover for fdpnapp10.jdpublic.deere.com: The DNS response does not contain an answer to the question: fdpnapp10.jdpublic.deere.com. IN CNAME
2025-02-06 14:11:40%f - subdomain_scanner.finder.<built-in function id> - INFO - Found new subdomain: devlapp777.tal.deere.com from source: PASSIVE
2025-02-06 14:11:40%f - subdomain_scanner.finder.<built-in function id> - ERROR - Error checking takeover for devlapp777.tal.deere.com: The DNS response does not contain an answer to the question: devlapp777.tal.deere.com. IN CNAME
2025-02-06 14:11:40%f - subdomain_scanner.finder.<built-in function id> - INFO - Found new subdomain: gfmoleolp2.jdnet.deere.com from source: PASSIVE
2025-02-06 14:11:40%f - subdomain_scanner.finder.<built-in function id> - INFO - Found new subdomain: www.dnsbatch.deere.com from source: PASSIVE
2025-02-06 14:11:45%f - subdomain_scanner.finder.<built-in function id> - INFO - Found new subdomain: dlrdocesf.deere.com from source: PASSIVE
2025-02-06 14:11:46%f - subdomain_scanner.finder.<built-in function id> - ERROR - Error checking takeover for dlrdocesf.deere.com: The DNS response does not contain an answer to the question: dlrdocesf.deere.com. IN CNAME
2025-02-06 14:11:46%f - subdomain_scanner.finder.<built-in function id> - INFO - Found new subdomain: tableau.tal.deere.com from source: PASSIVE
2025-02-06 14:11:46%f - subdomain_scanner.finder.<built-in function id> - ERROR - Error checking takeover for tableau.tal.deere.com: The DNS response does not contain an answer to the question: tableau.tal.deere.com. IN CNAME
2025-02-06 14:11:46%f - subdomain_scanner.finder.<built-in function id> - INFO - Found new subdomain: fdxapp317.jdnet.deere.com from source: PASSIVE
2025-02-06 14:11:46%f - subdomain_scanner.finder.<built-in function id> - INFO - Found new subdomain: vaclab.deere.com from source: PASSIVE
2025-02-06 14:11:46%f - subdomain_scanner.finder.<built-in function id> - ERROR - Error checking takeover for vaclab.deere.com: The DNS response does not contain an answer to the question: vaclab.deere.com. IN CNAME
2025-02-06 14:11:57%f - subdomain_scanner.finder.<built-in function id> - ERROR - Unexpected error during HTTP probe of vaclab.deere.com: 
2025-02-06 14:11:57%f - subdomain_scanner.finder.<built-in function id> - INFO - Found new subdomain: itapp37.tal.deere.com from source: PASSIVE
2025-02-06 14:11:57%f - subdomain_scanner.finder.<built-in function id> - ERROR - Error checking takeover for itapp37.tal.deere.com: The DNS response does not contain an answer to the question: itapp37.tal.deere.com. IN CNAME
2025-02-06 14:12:03%f - subdomain_scanner.finder.<built-in function id> - INFO - Found new subdomain: commerce1o.dpn.deere.com from source: PASSIVE
2025-02-06 14:12:03%f - subdomain_scanner.finder.<built-in function id> - ERROR - Error checking takeover for commerce1o.dpn.deere.com: The DNS response does not contain an answer to the question: commerce1o.dpn.deere.com. IN CNAME
2025-02-06 14:12:14%f - subdomain_scanner.finder.<built-in function id> - ERROR - Unexpected error during HTTP probe of commerce1o.dpn.deere.com: 
2025-02-06 14:12:14%f - subdomain_scanner.finder.<built-in function id> - INFO - Found new subdomain: mail23.jdnet.deere.com from source: PASSIVE
2025-02-06 14:12:14%f - subdomain_scanner.finder.<built-in function id> - INFO - Found new subdomain: cbm.deere.com from source: PASSIVE
2025-02-06 14:12:14%f - subdomain_scanner.finder.<built-in function id> - ERROR - Error checking takeover for cbm.deere.com: The DNS response does not contain an answer to the question: cbm.deere.com. IN CNAME
2025-02-06 14:12:14%f - subdomain_scanner.finder.<built-in function id> - INFO - Found new subdomain: ecpmd.eame.deere.com from source: PASSIVE
2025-02-06 14:12:14%f - subdomain_scanner.finder.<built-in function id> - INFO - Found new subdomain: frontierpartner.deere.com from source: PASSIVE
2025-02-06 14:12:15%f - subdomain_scanner.finder.<built-in function id> - INFO - Found new subdomain: uxtest.artifactory.deere.com from source: PASSIVE
2025-02-06 14:12:15%f - subdomain_scanner.finder.<built-in function id> - INFO - Found new subdomain: commerce1e.dpn.deere.com from source: PASSIVE
2025-02-06 14:12:15%f - subdomain_scanner.finder.<built-in function id> - ERROR - Error checking takeover for commerce1e.dpn.deere.com: The DNS response does not contain an answer to the question: commerce1e.dpn.deere.com. IN CNAME
2025-02-06 14:12:25%f - subdomain_scanner.finder.<built-in function id> - ERROR - Unexpected error during HTTP probe of commerce1e.dpn.deere.com: 
2025-02-06 14:12:25%f - subdomain_scanner.finder.<built-in function id> - INFO - Found new subdomain: fdpnpgpgw4.dpn.deere.com from source: PASSIVE
2025-02-06 14:12:25%f - subdomain_scanner.finder.<built-in function id> - ERROR - Error checking takeover for fdpnpgpgw4.dpn.deere.com: The DNS response does not contain an answer to the question: fdpnpgpgw4.dpn.deere.com. IN CNAME
2025-02-06 14:12:36%f - subdomain_scanner.finder.<built-in function id> - ERROR - Unexpected error during HTTP probe of fdpnpgpgw4.dpn.deere.com: 
2025-02-06 14:12:36%f - subdomain_scanner.finder.<built-in function id> - INFO - Found new subdomain: fdxucs8.jdnet.deere.com from source: PASSIVE
2025-02-06 14:12:36%f - subdomain_scanner.finder.<built-in function id> - INFO - Found new subdomain: fpeworkinst-ftps.jdnet.deere.com from source: PASSIVE
2025-02-06 14:12:41%f - subdomain_scanner.finder.<built-in function id> - INFO - Found new subdomain: dealersolutions.tal.deere.com from source: PASSIVE
2025-02-06 14:12:41%f - subdomain_scanner.finder.<built-in function id> - ERROR - Error checking takeover for dealersolutions.tal.deere.com: The DNS response does not contain an answer to the question: dealersolutions.tal.deere.com. IN CNAME
2025-02-06 14:12:42%f - subdomain_scanner.finder.<built-in function id> - INFO - Found new subdomain: 32erstc19v.tal.deere.com from source: PASSIVE
2025-02-06 14:12:42%f - subdomain_scanner.finder.<built-in function id> - ERROR - Error checking takeover for 32erstc19v.tal.deere.com: The DNS response does not contain an answer to the question: 32erstc19v.tal.deere.com. IN CNAME
2025-02-06 14:12:42%f - subdomain_scanner.finder.<built-in function id> - INFO - Found new subdomain: sfb15esf2.jdnet.deere.com from source: PASSIVE
2025-02-06 14:12:42%f - subdomain_scanner.finder.<built-in function id> - INFO - Found new subdomain: dbpqa.deere.com from source: PASSIVE
2025-02-06 14:12:42%f - subdomain_scanner.finder.<built-in function id> - ERROR - Error checking takeover for dbpqa.deere.com: The DNS response does not contain an answer to the question: dbpqa.deere.com. IN CNAME
2025-02-06 14:12:42%f - subdomain_scanner.finder.<built-in function id> - INFO - Found new subdomain: gen4cc-os.virtd.deere.com from source: PASSIVE
2025-02-06 14:12:42%f - subdomain_scanner.finder.<built-in function id> - INFO - Found new subdomain: ffarphplm7c1.jdnet.deere.com from source: PASSIVE
2025-02-06 14:12:42%f - subdomain_scanner.finder.<built-in function id> - INFO - Found new subdomain: edxcas5.jdnet.deere.com from source: PASSIVE
2025-02-06 14:12:45%f - subdomain_scanner.finder.<built-in function id> - INFO - Found new subdomain: insight.deere.com from source: PASSIVE
2025-02-06 14:12:45%f - subdomain_scanner.finder.<built-in function id> - ERROR - Error checking takeover for insight.deere.com: The DNS response does not contain an answer to the question: insight.deere.com. IN CNAME
2025-02-06 14:12:55%f - subdomain_scanner.finder.<built-in function id> - ERROR - Unexpected error during HTTP probe of insight.deere.com: 
2025-02-06 14:12:55%f - subdomain_scanner.finder.<built-in function id> - INFO - Found new subdomain: emailesfv.dpn.deere.com from source: PASSIVE
2025-02-06 14:12:55%f - subdomain_scanner.finder.<built-in function id> - ERROR - Error checking takeover for emailesfv.dpn.deere.com: The DNS response does not contain an answer to the question: emailesfv.dpn.deere.com. IN CNAME
2025-02-06 14:13:06%f - subdomain_scanner.finder.<built-in function id> - ERROR - Unexpected error during HTTP probe of emailesfv.dpn.deere.com: 
2025-02-06 14:13:06%f - subdomain_scanner.finder.<built-in function id> - INFO - Found new subdomain: configuratorold.deere.com from source: PASSIVE
2025-02-06 14:13:06%f - subdomain_scanner.finder.<built-in function id> - ERROR - Error checking takeover for configuratorold.deere.com: The DNS response does not contain an answer to the question: configuratorold.deere.com. IN CNAME
2025-02-06 14:13:12%f - subdomain_scanner.finder.<built-in function id> - INFO - Found new subdomain: zdxidsdc02.dx.deere.com from source: PASSIVE
2025-02-06 14:13:12%f - subdomain_scanner.finder.<built-in function id> - ERROR - Error checking takeover for zdxidsdc02.dx.deere.com: The DNS response does not contain an answer to the question: zdxidsdc02.dx.deere.com. IN CNAME
2025-02-06 14:13:12%f - subdomain_scanner.finder.<built-in function id> - INFO - Found new subdomain: techpubs.deere.com from source: PASSIVE
2025-02-06 14:13:13%f - subdomain_scanner.finder.<built-in function id> - INFO - Found new subdomain: guestportal.deere.com from source: PASSIVE
2025-02-06 14:13:13%f - subdomain_scanner.finder.<built-in function id> - ERROR - Error checking takeover for guestportal.deere.com: The DNS response does not contain an answer to the question: guestportal.deere.com. IN CNAME
2025-02-06 14:13:13%f - subdomain_scanner.finder.<built-in function id> - INFO - Found new subdomain: svn-in2.deere.com from source: PASSIVE
2025-02-06 14:13:13%f - subdomain_scanner.finder.<built-in function id> - WARNING - Potential takeover: svn-in2.deere.com -> lpun90svn3.jdnet.deere.com.
2025-02-06 14:13:13%f - subdomain_scanner.finder.<built-in function id> - INFO - Found new subdomain: jdepcis.deere.com from source: PASSIVE
2025-02-06 14:13:13%f - subdomain_scanner.finder.<built-in function id> - ERROR - Error checking takeover for jdepcis.deere.com: The DNS response does not contain an answer to the question: jdepcis.deere.com. IN CNAME
2025-02-06 14:13:14%f - subdomain_scanner.finder.<built-in function id> - INFO - Found new subdomain: fdpnnesprod1z.dpn.deere.com from source: PASSIVE
2025-02-06 14:13:14%f - subdomain_scanner.finder.<built-in function id> - ERROR - Error checking takeover for fdpnnesprod1z.dpn.deere.com: The DNS response does not contain an answer to the question: fdpnnesprod1z.dpn.deere.com. IN CNAME
2025-02-06 14:13:25%f - subdomain_scanner.finder.<built-in function id> - ERROR - Unexpected error during HTTP probe of fdpnnesprod1z.dpn.deere.com: 
2025-02-06 14:13:25%f - subdomain_scanner.finder.<built-in function id> - INFO - Found new subdomain: r2marketingevents.deere.com from source: PASSIVE
2025-02-06 14:13:25%f - subdomain_scanner.finder.<built-in function id> - ERROR - Error checking takeover for r2marketingevents.deere.com: The DNS response does not contain an answer to the question: r2marketingevents.deere.com. IN CNAME
2025-02-06 14:13:25%f - subdomain_scanner.finder.<built-in function id> - INFO - Found new subdomain: sms2.deere.com from source: PASSIVE
2025-02-06 14:13:25%f - subdomain_scanner.finder.<built-in function id> - ERROR - Error checking takeover for sms2.deere.com: The DNS response does not contain an answer to the question: sms2.deere.com. IN CNAME
2025-02-06 14:13:25%f - subdomain_scanner.finder.<built-in function id> - INFO - Found new subdomain: zdeisepolicy1.r2.deere.com from source: PASSIVE
2025-02-06 14:13:25%f - subdomain_scanner.finder.<built-in function id> - INFO - Found new subdomain: solnutchv.dpn.deere.com from source: PASSIVE
2025-02-06 14:13:26%f - subdomain_scanner.finder.<built-in function id> - ERROR - Error checking takeover for solnutchv.dpn.deere.com: The DNS response does not contain an answer to the question: solnutchv.dpn.deere.com. IN CNAME
2025-02-06 14:13:32%f - subdomain_scanner.finder.<built-in function id> - INFO - Found new subdomain: www.parts.deere.com from source: PASSIVE
2025-02-06 14:13:32%f - subdomain_scanner.finder.<built-in function id> - INFO - Found new subdomain: zusipn-moli19t-pzen3-service3.deere.com from source: PASSIVE
2025-02-06 14:13:32%f - subdomain_scanner.finder.<built-in function id> - ERROR - Error checking takeover for zusipn-moli19t-pzen3-service3.deere.com: The DNS response does not contain an answer to the question: zusipn-moli19t-pzen3-service3.deere.com. IN CNAME
2025-02-06 14:13:32%f - subdomain_scanner.finder.<built-in function id> - INFO - Found new subdomain: devlapp281.tal.deere.com from source: PASSIVE
2025-02-06 14:13:32%f - subdomain_scanner.finder.<built-in function id> - ERROR - Error checking takeover for devlapp281.tal.deere.com: The DNS response does not contain an answer to the question: devlapp281.tal.deere.com. IN CNAME
2025-02-06 14:13:39%f - subdomain_scanner.finder.<built-in function id> - INFO - Found new subdomain: partnerapiqa.deere.com from source: PASSIVE
2025-02-06 14:13:39%f - subdomain_scanner.finder.<built-in function id> - ERROR - Error checking takeover for partnerapiqa.deere.com: The DNS response does not contain an answer to the question: partnerapiqa.deere.com. IN CNAME
2025-02-06 14:13:39%f - subdomain_scanner.finder.<built-in function id> - INFO - Found new subdomain: mail34.jdlab.deere.com from source: PASSIVE
2025-02-06 14:13:49%f - subdomain_scanner.finder.<built-in function id> - WARNING - Potential takeover: mail34.jdlab.deere.com -> email.johndeereandcolab.com.
2025-02-06 14:13:59%f - subdomain_scanner.finder.<built-in function id> - ERROR - Unexpected error during HTTP probe of mail34.jdlab.deere.com: 
2025-02-06 14:14:29%f - subdomain_scanner.finder.<built-in function id> - INFO - Found new subdomain: zusipn-moliesf-pzen1-service5.deere.com from source: PASSIVE
2025-02-06 14:14:29%f - subdomain_scanner.finder.<built-in function id> - ERROR - Error checking takeover for zusipn-moliesf-pzen1-service5.deere.com: The DNS response does not contain an answer to the question: zusipn-moliesf-pzen1-service5.deere.com. IN CNAME
2025-02-06 14:14:29%f - subdomain_scanner.finder.<built-in function id> - INFO - Found new subdomain: zdx79sbc2keumjsn1.79.deere.com from source: PASSIVE
2025-02-06 14:14:29%f - subdomain_scanner.finder.<built-in function id> - ERROR - Error checking takeover for zdx79sbc2keumjsn1.79.deere.com: The DNS response does not contain an answer to the question: zdx79sbc2keumjsn1.79.deere.com. IN CNAME
2025-02-06 14:14:40%f - subdomain_scanner.finder.<built-in function id> - ERROR - Unexpected error during HTTP probe of zdx79sbc2keumjsn1.79.deere.com: 
2025-02-06 14:14:40%f - subdomain_scanner.finder.<built-in function id> - INFO - Found new subdomain: ns2a.deere.com from source: PASSIVE
2025-02-06 14:14:40%f - subdomain_scanner.finder.<built-in function id> - ERROR - Error checking takeover for ns2a.deere.com: The DNS response does not contain an answer to the question: ns2a.deere.com. IN CNAME
2025-02-06 14:14:51%f - subdomain_scanner.finder.<built-in function id> - ERROR - Unexpected error during HTTP probe of ns2a.deere.com: 
2025-02-06 14:14:51%f - subdomain_scanner.finder.<built-in function id> - INFO - Found new subdomain: devlapp532.tal.deere.com from source: PASSIVE
2025-02-06 14:14:51%f - subdomain_scanner.finder.<built-in function id> - ERROR - Error checking takeover for devlapp532.tal.deere.com: The DNS response does not contain an answer to the question: devlapp532.tal.deere.com. IN CNAME
2025-02-06 14:14:51%f - subdomain_scanner.finder.<built-in function id> - INFO - Found new subdomain: configurator19v2.tal.deere.com from source: PASSIVE
2025-02-06 14:14:51%f - subdomain_scanner.finder.<built-in function id> - ERROR - Error checking takeover for configurator19v2.tal.deere.com: The DNS response does not contain an answer to the question: configurator19v2.tal.deere.com. IN CNAME
2025-02-06 14:14:51%f - subdomain_scanner.finder.<built-in function id> - INFO - Found new subdomain: devlapp169-migratev.tal.deere.com from source: PASSIVE
2025-02-06 14:14:52%f - subdomain_scanner.finder.<built-in function id> - ERROR - Error checking takeover for devlapp169-migratev.tal.deere.com: The DNS response does not contain an answer to the question: devlapp169-migratev.tal.deere.com. IN CNAME
2025-02-06 14:14:52%f - subdomain_scanner.finder.<built-in function id> - INFO - Found new subdomain: developer.deere.com from source: PASSIVE
2025-02-06 14:14:52%f - subdomain_scanner.finder.<built-in function id> - INFO - Found new subdomain: ztoridssen01.dx.deere.com from source: PASSIVE
2025-02-06 14:14:52%f - subdomain_scanner.finder.<built-in function id> - ERROR - Error checking takeover for ztoridssen01.dx.deere.com: The DNS response does not contain an answer to the question: ztoridssen01.dx.deere.com. IN CNAME
2025-02-06 14:14:52%f - subdomain_scanner.finder.<built-in function id> - INFO - Found new subdomain: salespersonbonus.deere.com from source: PASSIVE
2025-02-06 14:14:52%f - subdomain_scanner.finder.<built-in function id> - ERROR - Error checking takeover for salespersonbonus.deere.com: The DNS response does not contain an answer to the question: salespersonbonus.deere.com. IN CNAME
2025-02-06 14:14:52%f - subdomain_scanner.finder.<built-in function id> - INFO - Found new subdomain: foragerfinderv.dpn.deere.com from source: PASSIVE
2025-02-06 14:14:52%f - subdomain_scanner.finder.<built-in function id> - ERROR - Error checking takeover for foragerfinderv.dpn.deere.com: The DNS response does not contain an answer to the question: foragerfinderv.dpn.deere.com. IN CNAME
2025-02-06 14:14:52%f - subdomain_scanner.finder.<built-in function id> - INFO - Found new subdomain: devl-dc-service.nprd-exco.deere.com from source: PASSIVE
2025-02-06 14:14:53%f - subdomain_scanner.finder.<built-in function id> - INFO - Found new subdomain: zdxisepolicy21.dx.deere.com from source: PASSIVE
2025-02-06 14:14:53%f - subdomain_scanner.finder.<built-in function id> - ERROR - Error checking takeover for zdxisepolicy21.dx.deere.com: The DNS response does not contain an answer to the question: zdxisepolicy21.dx.deere.com. IN CNAME
2025-02-06 14:14:53%f - subdomain_scanner.finder.<built-in function id> - INFO - Found new subdomain: gfbeiowaucs1.jdnet.deere.com from source: PASSIVE
2025-02-06 14:14:58%f - subdomain_scanner.finder.<built-in function id> - INFO - Found new subdomain: share.qa.deere.com from source: PASSIVE
2025-02-06 14:14:58%f - subdomain_scanner.finder.<built-in function id> - INFO - Found new subdomain: zpuisepolicy1.pu.deere.com from source: PASSIVE
2025-02-06 14:15:03%f - subdomain_scanner.finder.<built-in function id> - INFO - Found new subdomain: transactionpricing.deere.com from source: PASSIVE
2025-02-06 14:15:03%f - subdomain_scanner.finder.<built-in function id> - INFO - Found new subdomain: zlabvcscontrol1.jdlab.deere.com from source: PASSIVE
2025-02-06 14:15:03%f - subdomain_scanner.finder.<built-in function id> - INFO - Found new subdomain: pacesfv.dpn.deere.com from source: PASSIVE
2025-02-06 14:15:03%f - subdomain_scanner.finder.<built-in function id> - ERROR - Error checking takeover for pacesfv.dpn.deere.com: The DNS response does not contain an answer to the question: pacesfv.dpn.deere.com. IN CNAME
